[2026-03-23T12:44:56.377Z] 匠心 有待确认任务：测试任务 - 验证终端告警 (已等待2分钟)
[2026-03-23T12:46:03.973Z] 匠心 有待确认任务：测试任务 - 验证终端告警 (已等待3分钟)
[2026-03-23T13:06:54.710Z] 匠心 有待确认任务：北斗智投 Phase 2 - iMessage 通知 (已等待2分钟)
[2026-03-23T13:06:54.813Z] 匠心 有待确认任务：北斗智投 Phase 2 - 多数据源集成 (已等待2分钟)
[2026-03-23T13:06:54.869Z] 匠心 有待确认任务：北斗智投 Phase 2 - 运维监控 (已等待2分钟)
[2026-03-23T13:06:54.926Z] 匠心 有待确认任务：北斗智投 Phase 2 - 自我进化模块 (已等待2分钟)
[2026-03-23T13:06:54.982Z] 匠心 有待确认任务：北斗智投 Phase 2 - Streamlit 看板 (已等待2分钟)
[2026-03-23T13:06:55.052Z] 匠心 有待确认任务：北斗智投 Phase 2 - AI 分析引擎 (已等待2分钟)
[2026-03-23T14:34:29.635Z] 匠心 有待确认任务：测试任务 - 审核流程验证 (已等待2分钟)
[2026-03-23T14:56:58.458Z] 司库 有待确认任务：北斗智投 Phase 2 - iMessage 通知 (已等待112分钟)
[2026-03-23T14:56:58.473Z] 执矩 有待确认任务：北斗智投 Phase 2 - iMessage 通知 (已等待112分钟)
[2026-03-23T14:56:59.074Z] 执矩 有待确认任务：北斗智投 Phase 2 - 多数据源集成 (已等待112分钟)
[2026-03-23T14:56:59.078Z] 司库 有待确认任务：北斗智投 Phase 2 - 多数据源集成 (已等待112分钟)
[2026-03-23T14:56:59.498Z] 执矩 有待确认任务：北斗智投 Phase 2 - 运维监控 (已等待112分钟)
[2026-03-23T14:56:59.510Z] 司库 有待确认任务：北斗智投 Phase 2 - 运维监控 (已等待112分钟)
[2026-03-23T14:56:59.888Z] 执矩 有待确认任务：北斗智投 Phase 2 - 自我进化模块 (已等待112分钟)
[2026-03-23T14:56:59.890Z] 司库 有待确认任务：北斗智投 Phase 2 - 自我进化模块 (已等待112分钟)
[2026-03-23T14:57:00.319Z] 执矩 有待确认任务：北斗智投 Phase 2 - Streamlit 看板 (已等待112分钟)
[2026-03-23T14:57:00.464Z] 司库 有待确认任务：北斗智投 Phase 2 - Streamlit 看板 (已等待112分钟)
[2026-03-23T14:57:00.741Z] 执矩 有待确认任务：北斗智投 Phase 2 - AI 分析引擎 (已等待112分钟)
[2026-03-23T14:57:00.894Z] 司库 有待确认任务：北斗智投 Phase 2 - AI 分析引擎 (已等待112分钟)
[2026-03-23T15:00:54.953Z] 执矩 有待确认任务：北斗智投 Phase 2 - iMessage 通知 (已等待116分钟)
[2026-03-23T15:00:54.963Z] 司库 有待确认任务：北斗智投 Phase 2 - iMessage 通知 (已等待116分钟)
[2026-03-23T15:00:55.537Z] 执矩 有待确认任务：北斗智投 Phase 2 - 多数据源集成 (已等待116分钟)
[2026-03-23T15:00:55.609Z] 司库 有待确认任务：北斗智投 Phase 2 - 多数据源集成 (已等待116分钟)
[2026-03-23T15:00:55.929Z] 执矩 有待确认任务：北斗智投 Phase 2 - 运维监控 (已等待116分钟)
[2026-03-23T15:00:56.036Z] 司库 有待确认任务：北斗智投 Phase 2 - 运维监控 (已等待116分钟)
[2026-03-23T15:00:56.354Z] 执矩 有待确认任务：北斗智投 Phase 2 - 自我进化模块 (已等待116分钟)
[2026-03-23T15:00:56.414Z] 司库 有待确认任务：北斗智投 Phase 2 - 自我进化模块 (已等待116分钟)
[2026-03-23T15:00:56.758Z] 执矩 有待确认任务：北斗智投 Phase 2 - Streamlit 看板 (已等待116分钟)
[2026-03-23T15:00:56.822Z] 司库 有待确认任务：北斗智投 Phase 2 - Streamlit 看板 (已等待116分钟)
[2026-03-23T15:00:57.162Z] 执矩 有待确认任务：北斗智投 Phase 2 - AI 分析引擎 (已等待116分钟)
[2026-03-23T15:00:57.223Z] 司库 有待确认任务：北斗智投 Phase 2 - AI 分析引擎 (已等待116分钟)
[2026-03-24T04:20:27.702Z] 执矩 有待确认任务：北斗智投 Phase 2 - iMessage 通知 (已等待915分钟)
[2026-03-24T04:20:27.711Z] 司库 有待确认任务：北斗智投 Phase 2 - iMessage 通知 (已等待915分钟)
[2026-03-24T04:20:28.310Z] 司库 有待确认任务：北斗智投 Phase 2 - 多数据源集成 (已等待915分钟)
[2026-03-24T04:20:28.312Z] 执矩 有待确认任务：北斗智投 Phase 2 - 多数据源集成 (已等待915分钟)
[2026-03-24T04:20:28.743Z] 司库 有待确认任务：北斗智投 Phase 2 - 运维监控 (已等待915分钟)
[2026-03-24T04:20:28.771Z] 执矩 有待确认任务：北斗智投 Phase 2 - 运维监控 (已等待915分钟)
[2026-03-24T04:20:29.199Z] 执矩 有待确认任务：北斗智投 Phase 2 - 自我进化模块 (已等待915分钟)
[2026-03-24T04:20:29.200Z] 司库 有待确认任务：北斗智投 Phase 2 - 自我进化模块 (已等待915分钟)
[2026-03-24T04:20:29.618Z] 执矩 有待确认任务：北斗智投 Phase 2 - Streamlit 看板 (已等待915分钟)
[2026-03-24T04:20:29.637Z] 司库 有待确认任务：北斗智投 Phase 2 - Streamlit 看板 (已等待915分钟)
[2026-03-24T04:20:30.073Z] 司库 有待确认任务：北斗智投 Phase 2 - AI 分析引擎 (已等待915分钟)
[2026-03-24T04:20:30.075Z] 执矩 有待确认任务：北斗智投 Phase 2 - AI 分析引擎 (已等待915分钟)
[2026-03-24T04:23:13.773Z] 司库 有待确认任务：北斗智投 Phase 2 - iMessage 通知 (已等待918分钟)
[2026-03-24T04:23:13.781Z] 执矩 有待确认任务：北斗智投 Phase 2 - iMessage 通知 (已等待918分钟)
[2026-03-24T04:23:14.458Z] 司库 有待确认任务：北斗智投 Phase 2 - 多数据源集成 (已等待918分钟)
[2026-03-24T04:23:14.460Z] 执矩 有待确认任务：北斗智投 Phase 2 - 多数据源集成 (已等待918分钟)
[2026-03-24T04:23:14.886Z] 执矩 有待确认任务：北斗智投 Phase 2 - 运维监控 (已等待918分钟)
[2026-03-24T04:23:14.905Z] 司库 有待确认任务：北斗智投 Phase 2 - 运维监控 (已等待918分钟)
[2026-03-24T04:23:15.307Z] 执矩 有待确认任务：北斗智投 Phase 2 - 自我进化模块 (已等待918分钟)
[2026-03-24T04:23:15.344Z] 司库 有待确认任务：北斗智投 Phase 2 - 自我进化模块 (已等待918分钟)
[2026-03-24T04:23:15.754Z] 司库 有待确认任务：北斗智投 Phase 2 - Streamlit 看板 (已等待918分钟)
[2026-03-24T04:23:15.775Z] 执矩 有待确认任务：北斗智投 Phase 2 - Streamlit 看板 (已等待918分钟)
[2026-03-24T04:23:16.191Z] 司库 有待确认任务：北斗智投 Phase 2 - AI 分析引擎 (已等待918分钟)
[2026-03-24T04:23:16.197Z] 执矩 有待确认任务：北斗智投 Phase 2 - AI 分析引擎 (已等待918分钟)
[2026-03-24T04:25:02.496Z] 司库 有待确认任务：北斗智投 Phase 2 - iMessage 通知 (已等待920分钟)
[2026-03-24T04:25:02.504Z] 执矩 有待确认任务：北斗智投 Phase 2 - iMessage 通知 (已等待920分钟)
[2026-03-24T04:25:03.210Z] 执矩 有待确认任务：北斗智投 Phase 2 - 多数据源集成 (已等待920分钟)
[2026-03-24T04:25:03.310Z] 司库 有待确认任务：北斗智投 Phase 2 - 多数据源集成 (已等待920分钟)
[2026-03-24T04:25:03.822Z] 执矩 有待确认任务：北斗智投 Phase 2 - 运维监控 (已等待920分钟)
[2026-03-24T04:25:03.825Z] 司库 有待确认任务：北斗智投 Phase 2 - 运维监控 (已等待920分钟)
[2026-03-24T04:25:04.351Z] 执矩 有待确认任务：北斗智投 Phase 2 - 自我进化模块 (已等待920分钟)
[2026-03-24T04:25:04.373Z] 司库 有待确认任务：北斗智投 Phase 2 - 自我进化模块 (已等待920分钟)
[2026-03-24T04:25:04.818Z] 司库 有待确认任务：北斗智投 Phase 2 - Streamlit 看板 (已等待920分钟)
[2026-03-24T04:25:04.845Z] 执矩 有待确认任务：北斗智投 Phase 2 - Streamlit 看板 (已等待920分钟)
[2026-03-24T04:25:05.235Z] 司库 有待确认任务：北斗智投 Phase 2 - AI 分析引擎 (已等待920分钟)
[2026-03-24T04:25:05.259Z] 执矩 有待确认任务：北斗智投 Phase 2 - AI 分析引擎 (已等待920分钟)
[2026-03-24T04:29:20.149Z] 司库 有待确认任务：北斗智投 Phase 2 - iMessage 通知 (已等待924分钟)
[2026-03-24T04:29:20.157Z] 执矩 有待确认任务：北斗智投 Phase 2 - iMessage 通知 (已等待924分钟)
[2026-03-24T04:29:20.926Z] 司库 有待确认任务：北斗智投 Phase 2 - 多数据源集成 (已等待924分钟)
[2026-03-24T04:29:20.928Z] 执矩 有待确认任务：北斗智投 Phase 2 - 多数据源集成 (已等待924分钟)
[2026-03-24T04:29:21.377Z] 执矩 有待确认任务：北斗智投 Phase 2 - 运维监控 (已等待924分钟)
[2026-03-24T04:29:21.399Z] 司库 有待确认任务：北斗智投 Phase 2 - 运维监控 (已等待924分钟)
[2026-03-24T04:29:21.872Z] 执矩 有待确认任务：北斗智投 Phase 2 - 自我进化模块 (已等待924分钟)
[2026-03-24T04:29:21.891Z] 司库 有待确认任务：北斗智投 Phase 2 - 自我进化模块 (已等待924分钟)
[2026-03-24T04:29:22.328Z] 执矩 有待确认任务：北斗智投 Phase 2 - Streamlit 看板 (已等待924分钟)
[2026-03-24T04:29:22.347Z] 司库 有待确认任务：北斗智投 Phase 2 - Streamlit 看板 (已等待924分钟)
[2026-03-24T04:29:22.774Z] 司库 有待确认任务：北斗智投 Phase 2 - AI 分析引擎 (已等待924分钟)
[2026-03-24T04:29:23.095Z] 执矩 有待确认任务：北斗智投 Phase 2 - AI 分析引擎 (已等待924分钟)
