[重试队列] 已启动，每 30 秒处理一次
[数据] 已加载 210 个任务，0 个子任务，0 条评论
[定时任务] 启动每个 Agent 的定时抓取服务
[定时任务] 配置：检查间隔=300秒，通知窗口=86400秒
[定时任务] 成员列表：天枢, 匠心, 司库, 执矩, 磐石, 灵犀, 天策

[定时任务] 天枢: 开始查询新增任务
[定时任务] 天枢 的定时任务已启动（每300秒）

[定时任务] 匠心: 开始查询新增任务
[定时任务] 匠心 的定时任务已启动（每300秒）

[定时任务] 司库: 开始查询新增任务
[定时任务] 司库 的定时任务已启动（每300秒）

[定时任务] 执矩: 开始查询新增任务
[定时任务] 执矩 的定时任务已启动（每300秒）

[定时任务] 磐石: 开始查询新增任务
[定时任务] 磐石 的定时任务已启动（每300秒）

[定时任务] 灵犀: 开始查询新增任务
[定时任务] 灵犀 的定时任务已启动（每300秒）

[定时任务] 天策: 开始查询新增任务
[定时任务] 天策 的定时任务已启动（每300秒）
[定时任务] 所有成员的定时任务已启动

╔═══════════════════════════════════════════════════════════╗
║                                                           ║
║   BCE 北斗协同引擎 v3.2 最终版                              ║
║                                                           ║
║   HTTP: http://localhost:3000                          ║
║                                                           ║
║   核心功能：                                               ║
║   ✅ sessions_send 主通道                                  ║
║   ✅ 飞书卡片备用通道                                      ║
║   ✅ 文件系统邮箱可靠通道                                  ║
║   ✅ 规则引擎自动流转                                      ║
║   ✅ 通知重试队列（指数退避）                              ║
║   ✅ 幂等性检查                                            ║
║   ✅ 转交边界处理                                          ║
║                                                           ║
║   状态：http://localhost:3000/health                   ║
║                                                           ║
╚═══════════════════════════════════════════════════════════╝
    
[唤醒] 天枢 - 🧪 定时任务测试 - 天枢 - 第4级唤醒（已过去527分钟）
[唤醒] 匠心 - 🔧 三通道通知修复测试 - 第4级唤醒（已过去492分钟）
[唤醒] 执矩 - 🧪 定时任务测试 - 执矩 - 第4级唤醒（已过去527分钟）
[唤醒] 司库 - 🧪 定时任务测试 - 司库 - 第4级唤醒（已过去527分钟）
[唤醒] 灵犀 - 🧪 定时任务测试 - 灵犀 - 第4级唤醒（已过去527分钟）
[唤醒] 磐石 - 🧪 定时任务测试 - 磐石 - 第4级唤醒（已过去527分钟）
[唤醒] 天策 - 🧪 定时任务测试 - 天策 - 第4级唤醒（已过去527分钟）
[定时任务] 飞书消息发送成功：om_x100b54c7e6da98a0b33328d189b58f9
[唤醒] 匠心: 第 4 级唤醒（通知创建人）已发送
[唤醒] 匠心 - 🧪 定时任务测试 - 匠心 - 第4级唤醒（已过去527分钟）
[定时任务] 飞书消息发送成功：om_x100b54c7e6da8ca0b4c8c3cef473e7e
[唤醒] 天策: 第 4 级唤醒（通知创建人）已发送
[唤醒] 天策 - 📚 BCE v3.2 系统培训 - 天策 - 第4级唤醒（已过去815分钟）
[定时任务] 飞书消息发送成功：om_x100b54c7e6d580a8b2cee046d4a52a2
[唤醒] 天枢: 第 4 级唤醒（通知创建人）已发送
[唤醒] 天枢 - 🧪 定时任务测试 - 天枢 - 第4级唤醒（已过去570分钟）
[定时任务] 飞书消息发送成功：om_x100b54c7e6da5d30b3d064a0c33a3cc
[唤醒] 司库: 第 4 级唤醒（通知创建人）已发送
[唤醒] 司库 - 📚 BCE v3.2 系统培训 - 司库 - 第4级唤醒（已过去815分钟）
[定时任务] 飞书消息发送成功：om_x100b54c7e6d5cca4b3c340e420fc8d2
[唤醒] 执矩: 第 4 级唤醒（通知创建人）已发送
[唤醒] 执矩 - 📚 BCE v3.2 系统培训 - 执矩 - 第4级唤醒（已过去815分钟）
[定时任务] 飞书消息发送成功：om_x100b54c7e6d484a0b4c9215f3323c6f
[唤醒] 磐石: 第 4 级唤醒（通知创建人）已发送
[唤醒] 磐石 - 📚 BCE v3.2 系统培训 - 磐石 - 第4级唤醒（已过去815分钟）
[定时任务] 飞书消息发送成功：om_x100b54c7e6d1b0a0b3bbc6857031e9b
[唤醒] 灵犀: 第 4 级唤醒（通知创建人）已发送
[唤醒] 灵犀 - 📚 BCE v3.2 系统培训 - 灵犀 - 第4级唤醒（已过去815分钟）
[定时任务] 飞书消息发送成功：om_x100b54c7e6d05ca0b357f6c606dcb44
[唤醒] 匠心: 第 4 级唤醒（通知创建人）已发送
[唤醒] 匠心 - 📚 BCE v3.2 系统培训 - 匠心 - 第4级唤醒（已过去815分钟）
[定时任务] 飞书消息发送成功：om_x100b54c7e6d3f4a4b2781eacf40ef4b
[唤醒] 天策: 第 4 级唤醒（通知创建人）已发送
[定时任务] 天策: 唤醒检查完成
[定时任务] 飞书消息发送成功：om_x100b54c7e6edcca4b38969bc107266d
[唤醒] 天枢: 第 4 级唤醒（通知创建人）已发送
[唤醒] 天枢 - 🧪 定时任务测试 - 天枢 - 第4级唤醒（已过去570分钟）
[定时任务] 飞书消息发送成功：om_x100b54c7e6d2fca4b332930b509b9bf
[唤醒] 执矩: 第 4 级唤醒（通知创建人）已发送
[定时任务] 执矩: 唤醒检查完成
[定时任务] 飞书消息发送成功：om_x100b54c7e6edf8a0b398bb3ce5a22d6
[唤醒] 司库: 第 4 级唤醒（通知创建人）已发送
[定时任务] 司库: 唤醒检查完成
[定时任务] 飞书消息发送成功：om_x100b54c7e6ecfd34b36d6ad219c2623
[唤醒] 磐石: 第 4 级唤醒（通知创建人）已发送
[唤醒] 磐石 - 磐石最终验证测试 - 三通道通知 - 第4级唤醒（已过去1059分钟）
[定时任务] 飞书消息发送成功：om_x100b54c7e6e9b4a0b2dbbc2b5e7449d
[唤醒] 灵犀: 第 4 级唤醒（通知创建人）已发送
[定时任务] 灵犀: 唤醒检查完成
[定时任务] 飞书消息发送成功：om_x100b54c7e6e91ca0b35e1a8d6c0751b
[唤醒] 匠心: 第 4 级唤醒（通知创建人）已发送
[定时任务] 匠心: 唤醒检查完成
[定时任务] 飞书消息发送成功：om_x100b54c7e6e5d0acb37d24f14ce1a32
[唤醒] 磐石: 第 4 级唤醒（通知创建人）已发送
[唤醒] 磐石 - 磐石最终验证测试 - 三通道通知 - 第4级唤醒（已过去1060分钟）
[定时任务] 飞书消息发送成功：om_x100b54c7e6e520a0b49663e28fc8051
[唤醒] 天枢: 第 4 级唤醒（通知创建人）已发送
[唤醒] 天枢 - 📚 BCE v3.2 系统培训 - 天枢 - 第4级唤醒（已过去815分钟）
[定时任务] 飞书消息发送成功：om_x100b54c7e6e2bca4b363344093f1d4f
[唤醒] 磐石: 第 4 级唤醒（通知创建人）已发送
[唤醒] 磐石 - 磐石最终验收测试 - 第4级唤醒（已过去1080分钟）
[定时任务] 飞书消息发送成功：om_x100b54c7e6e2f0a0b2ccec3e6c43a03
[唤醒] 天枢: 第 4 级唤醒（通知创建人）已发送
[唤醒] 天枢 - 磐石测试 - 循环转交检测 - 第4级唤醒（已过去1094分钟）
[定时任务] 飞书消息发送成功：om_x100b54c7e6f87ca4b2d9bf56fd66ae6
[唤醒] 磐石: 第 4 级唤醒（通知创建人）已发送
[唤醒] 磐石 - 磐石测试 3 - 邮箱验证 - 第4级唤醒（已过去1090分钟）
[定时任务] 飞书消息发送成功：om_x100b54c7e6fb6ca8b3b8f50b503c5b6
[唤醒] 天枢: 第 4 级唤醒（通知创建人）已发送
[定时任务] 天枢: 唤醒检查完成
[定时任务] 飞书消息发送成功：om_x100b54c7e6f1f0a0b379ac3d7ad8078
[唤醒] 磐石: 第 4 级唤醒（通知创建人）已发送
[唤醒] 磐石 - 磐石测试 2 - 第4级唤醒（已过去1092分钟）
[定时任务] 飞书消息发送成功：om_x100b54c7e68e50a0b363c3d3197d729
[唤醒] 磐石: 第 4 级唤醒（通知创建人）已发送
[唤醒] 磐石 - 磐石测试任务 - 三通道通知验证 - 第4级唤醒（已过去1110分钟）
[定时任务] 飞书消息发送成功：om_x100b54c7e6875ca0b331e5c11ca8036
[唤醒] 磐石: 第 4 级唤醒（通知创建人）已发送
[定时任务] 磐石: 唤醒检查完成

[定时任务] 天枢: 开始查询新增任务

[定时任务] 匠心: 开始查询新增任务

[定时任务] 司库: 开始查询新增任务

[定时任务] 执矩: 开始查询新增任务

[定时任务] 磐石: 开始查询新增任务

[定时任务] 灵犀: 开始查询新增任务

[定时任务] 天策: 开始查询新增任务
[定时任务] 天枢: 唤醒检查完成
[定时任务] 匠心: 唤醒检查完成
[定时任务] 司库: 唤醒检查完成
[定时任务] 执矩: 唤醒检查完成
[定时任务] 磐石: 唤醒检查完成
[定时任务] 灵犀: 唤醒检查完成
[定时任务] 天策: 唤醒检查完成

[定时任务] 天枢: 开始查询新增任务

[定时任务] 匠心: 开始查询新增任务

[定时任务] 司库: 开始查询新增任务

[定时任务] 执矩: 开始查询新增任务

[定时任务] 磐石: 开始查询新增任务

[定时任务] 灵犀: 开始查询新增任务

[定时任务] 天策: 开始查询新增任务
[定时任务] 天枢: 唤醒检查完成
[定时任务] 匠心: 唤醒检查完成
[定时任务] 司库: 唤醒检查完成
[定时任务] 执矩: 唤醒检查完成
[定时任务] 磐石: 唤醒检查完成
[定时任务] 灵犀: 唤醒检查完成
[定时任务] 天策: 唤醒检查完成

[定时任务] 天枢: 开始查询新增任务

[定时任务] 匠心: 开始查询新增任务

[定时任务] 司库: 开始查询新增任务

[定时任务] 执矩: 开始查询新增任务

[定时任务] 磐石: 开始查询新增任务

[定时任务] 灵犀: 开始查询新增任务

[定时任务] 天策: 开始查询新增任务
[定时任务] 天枢: 唤醒检查完成
[定时任务] 匠心: 唤醒检查完成
[定时任务] 司库: 唤醒检查完成
[定时任务] 执矩: 唤醒检查完成
[定时任务] 磐石: 唤醒检查完成
[定时任务] 灵犀: 唤醒检查完成
[定时任务] 天策: 唤醒检查完成

[定时任务] 天枢: 开始查询新增任务

[定时任务] 匠心: 开始查询新增任务

[定时任务] 司库: 开始查询新增任务

[定时任务] 执矩: 开始查询新增任务

[定时任务] 磐石: 开始查询新增任务

[定时任务] 灵犀: 开始查询新增任务

[定时任务] 天策: 开始查询新增任务
[定时任务] 天枢: 唤醒检查完成
[定时任务] 匠心: 唤醒检查完成
[定时任务] 司库: 唤醒检查完成
[定时任务] 磐石: 唤醒检查完成
[定时任务] 执矩: 唤醒检查完成
[定时任务] 灵犀: 唤醒检查完成
[定时任务] 天策: 唤醒检查完成

[定时任务] 天枢: 开始查询新增任务

[定时任务] 匠心: 开始查询新增任务

[定时任务] 司库: 开始查询新增任务

[定时任务] 执矩: 开始查询新增任务

[定时任务] 磐石: 开始查询新增任务

[定时任务] 灵犀: 开始查询新增任务

[定时任务] 天策: 开始查询新增任务
[定时任务] 天枢: 唤醒检查完成
[定时任务] 匠心: 唤醒检查完成
[定时任务] 司库: 唤醒检查完成
[定时任务] 执矩: 唤醒检查完成
[定时任务] 磐石: 唤醒检查完成
[定时任务] 灵犀: 唤醒检查完成
[定时任务] 天策: 唤醒检查完成

[定时任务] 天枢: 开始查询新增任务

[定时任务] 匠心: 开始查询新增任务

[定时任务] 司库: 开始查询新增任务

[定时任务] 执矩: 开始查询新增任务

[定时任务] 磐石: 开始查询新增任务

[定时任务] 灵犀: 开始查询新增任务

[定时任务] 天策: 开始查询新增任务
[定时任务] 天枢: 唤醒检查完成
[定时任务] 匠心: 唤醒检查完成
[定时任务] 司库: 唤醒检查完成
[定时任务] 执矩: 唤醒检查完成
[定时任务] 磐石: 唤醒检查完成
[定时任务] 灵犀: 唤醒检查完成
[定时任务] 天策: 唤醒检查完成

[定时任务] 天枢: 开始查询新增任务

[定时任务] 匠心: 开始查询新增任务

[定时任务] 司库: 开始查询新增任务

[定时任务] 执矩: 开始查询新增任务

[定时任务] 磐石: 开始查询新增任务

[定时任务] 灵犀: 开始查询新增任务

[定时任务] 天策: 开始查询新增任务
[定时任务] 匠心: 唤醒检查完成
[定时任务] 天枢: 唤醒检查完成
[定时任务] 执矩: 唤醒检查完成
[定时任务] 司库: 唤醒检查完成
[定时任务] 磐石: 唤醒检查完成
[定时任务] 灵犀: 唤醒检查完成
[定时任务] 天策: 唤醒检查完成

[定时任务] 天枢: 开始查询新增任务

[定时任务] 匠心: 开始查询新增任务

[定时任务] 司库: 开始查询新增任务

[定时任务] 执矩: 开始查询新增任务

[定时任务] 磐石: 开始查询新增任务

[定时任务] 灵犀: 开始查询新增任务

[定时任务] 天策: 开始查询新增任务
[定时任务] 天枢: 唤醒检查完成
[定时任务] 匠心: 唤醒检查完成
[定时任务] 司库: 唤醒检查完成
[定时任务] 执矩: 唤醒检查完成
[定时任务] 磐石: 唤醒检查完成
[定时任务] 灵犀: 唤醒检查完成
[定时任务] 天策: 唤醒检查完成

[定时任务] 天枢: 开始查询新增任务

[定时任务] 匠心: 开始查询新增任务

[定时任务] 司库: 开始查询新增任务

[定时任务] 执矩: 开始查询新增任务

[定时任务] 磐石: 开始查询新增任务

[定时任务] 灵犀: 开始查询新增任务

[定时任务] 天策: 开始查询新增任务
[定时任务] 天枢: 唤醒检查完成
[定时任务] 匠心: 唤醒检查完成
[定时任务] 司库: 唤醒检查完成
[定时任务] 执矩: 唤醒检查完成
[定时任务] 磐石: 唤醒检查完成
[定时任务] 天策: 唤醒检查完成
[定时任务] 灵犀: 唤醒检查完成

[定时任务] 天枢: 开始查询新增任务

[定时任务] 匠心: 开始查询新增任务

[定时任务] 司库: 开始查询新增任务

[定时任务] 执矩: 开始查询新增任务

[定时任务] 磐石: 开始查询新增任务

[定时任务] 灵犀: 开始查询新增任务

[定时任务] 天策: 开始查询新增任务
[定时任务] 天枢: 唤醒检查完成
[定时任务] 匠心: 唤醒检查完成
[定时任务] 司库: 唤醒检查完成
[定时任务] 执矩: 唤醒检查完成
[定时任务] 磐石: 唤醒检查完成
[定时任务] 天策: 唤醒检查完成
[定时任务] 灵犀: 唤醒检查完成

[定时任务] 天枢: 开始查询新增任务

[定时任务] 匠心: 开始查询新增任务

[定时任务] 司库: 开始查询新增任务

[定时任务] 执矩: 开始查询新增任务

[定时任务] 磐石: 开始查询新增任务

[定时任务] 灵犀: 开始查询新增任务

[定时任务] 天策: 开始查询新增任务
[定时任务] 天枢: 唤醒检查完成
[定时任务] 匠心: 唤醒检查完成
[定时任务] 司库: 唤醒检查完成
[定时任务] 执矩: 唤醒检查完成
[定时任务] 磐石: 唤醒检查完成
[定时任务] 灵犀: 唤醒检查完成
[定时任务] 天策: 唤醒检查完成

[定时任务] 天枢: 开始查询新增任务

[定时任务] 匠心: 开始查询新增任务

[定时任务] 司库: 开始查询新增任务

[定时任务] 执矩: 开始查询新增任务

[定时任务] 磐石: 开始查询新增任务

[定时任务] 灵犀: 开始查询新增任务

[定时任务] 天策: 开始查询新增任务
[定时任务] 天枢: 唤醒检查完成
[定时任务] 匠心: 唤醒检查完成
[定时任务] 司库: 唤醒检查完成
[定时任务] 执矩: 唤醒检查完成
[定时任务] 灵犀: 唤醒检查完成
[定时任务] 磐石: 唤醒检查完成
[定时任务] 天策: 唤醒检查完成

[定时任务] 天枢: 开始查询新增任务

[定时任务] 匠心: 开始查询新增任务

[定时任务] 司库: 开始查询新增任务

[定时任务] 执矩: 开始查询新增任务

[定时任务] 磐石: 开始查询新增任务

[定时任务] 灵犀: 开始查询新增任务

[定时任务] 天策: 开始查询新增任务
[定时任务] 天枢: 唤醒检查完成
[定时任务] 匠心: 唤醒检查完成
[定时任务] 司库: 唤醒检查完成
[定时任务] 执矩: 唤醒检查完成
[定时任务] 磐石: 唤醒检查完成
[定时任务] 灵犀: 唤醒检查完成
[定时任务] 天策: 唤醒检查完成

[定时任务] 天枢: 开始查询新增任务

[定时任务] 匠心: 开始查询新增任务

[定时任务] 司库: 开始查询新增任务

[定时任务] 执矩: 开始查询新增任务

[定时任务] 磐石: 开始查询新增任务

[定时任务] 灵犀: 开始查询新增任务

[定时任务] 天策: 开始查询新增任务
[定时任务] 天枢: 唤醒检查完成
[定时任务] 匠心: 唤醒检查完成
[定时任务] 司库: 唤醒检查完成
[定时任务] 执矩: 唤醒检查完成
[定时任务] 灵犀: 唤醒检查完成
[定时任务] 磐石: 唤醒检查完成
[定时任务] 天策: 唤醒检查完成

[定时任务] 天枢: 开始查询新增任务

[定时任务] 匠心: 开始查询新增任务

[定时任务] 司库: 开始查询新增任务

[定时任务] 执矩: 开始查询新增任务

[定时任务] 磐石: 开始查询新增任务

[定时任务] 灵犀: 开始查询新增任务

[定时任务] 天策: 开始查询新增任务
[定时任务] 天枢: 唤醒检查完成
[定时任务] 匠心: 唤醒检查完成
[定时任务] 司库: 唤醒检查完成
[定时任务] 执矩: 唤醒检查完成
[定时任务] 磐石: 唤醒检查完成
[定时任务] 天策: 唤醒检查完成
[定时任务] 灵犀: 唤醒检查完成

[定时任务] 天枢: 开始查询新增任务

[定时任务] 匠心: 开始查询新增任务

[定时任务] 司库: 开始查询新增任务

[定时任务] 执矩: 开始查询新增任务

[定时任务] 磐石: 开始查询新增任务

[定时任务] 灵犀: 开始查询新增任务

[定时任务] 天策: 开始查询新增任务
[定时任务] 天枢: 唤醒检查完成
[定时任务] 匠心: 唤醒检查完成
[定时任务] 司库: 唤醒检查完成
[定时任务] 执矩: 唤醒检查完成
[定时任务] 磐石: 唤醒检查完成
[定时任务] 灵犀: 唤醒检查完成
[定时任务] 天策: 唤醒检查完成

[定时任务] 天枢: 开始查询新增任务

[定时任务] 匠心: 开始查询新增任务

[定时任务] 司库: 开始查询新增任务

[定时任务] 执矩: 开始查询新增任务

[定时任务] 磐石: 开始查询新增任务

[定时任务] 灵犀: 开始查询新增任务

[定时任务] 天策: 开始查询新增任务
[定时任务] 天枢: 唤醒检查完成
[定时任务] 匠心: 唤醒检查完成
[定时任务] 司库: 唤醒检查完成
[定时任务] 执矩: 唤醒检查完成
[定时任务] 磐石: 唤醒检查完成
[定时任务] 灵犀: 唤醒检查完成
[定时任务] 天策: 唤醒检查完成

[定时任务] 天枢: 开始查询新增任务

[定时任务] 匠心: 开始查询新增任务

[定时任务] 司库: 开始查询新增任务

[定时任务] 执矩: 开始查询新增任务

[定时任务] 磐石: 开始查询新增任务

[定时任务] 灵犀: 开始查询新增任务

[定时任务] 天策: 开始查询新增任务
[定时任务] 天枢: 唤醒检查完成
[定时任务] 匠心: 唤醒检查完成
[定时任务] 司库: 唤醒检查完成
[定时任务] 磐石: 唤醒检查完成
[定时任务] 执矩: 唤醒检查完成
[定时任务] 灵犀: 唤醒检查完成
[定时任务] 天策: 唤醒检查完成

[定时任务] 天枢: 开始查询新增任务

[定时任务] 匠心: 开始查询新增任务

[定时任务] 司库: 开始查询新增任务
[定时任务] 天枢: 唤醒检查完成

[定时任务] 执矩: 开始查询新增任务

[定时任务] 磐石: 开始查询新增任务

[定时任务] 灵犀: 开始查询新增任务

[定时任务] 天策: 开始查询新增任务
[定时任务] 执矩: 唤醒检查完成
[定时任务] 匠心: 唤醒检查完成
[定时任务] 司库: 唤醒检查完成
[定时任务] 磐石: 唤醒检查完成
[定时任务] 灵犀: 唤醒检查完成
[定时任务] 天策: 唤醒检查完成

[定时任务] 天枢: 开始查询新增任务

[定时任务] 匠心: 开始查询新增任务

[定时任务] 司库: 开始查询新增任务

[定时任务] 执矩: 开始查询新增任务

[定时任务] 磐石: 开始查询新增任务

[定时任务] 灵犀: 开始查询新增任务

[定时任务] 天策: 开始查询新增任务
[定时任务] 天枢: 唤醒检查完成
[定时任务] 匠心: 唤醒检查完成
[定时任务] 司库: 唤醒检查完成
[定时任务] 执矩: 唤醒检查完成
[定时任务] 磐石: 唤醒检查完成
[定时任务] 灵犀: 唤醒检查完成
[定时任务] 天策: 唤醒检查完成

[定时任务] 天枢: 开始查询新增任务

[定时任务] 匠心: 开始查询新增任务

[定时任务] 司库: 开始查询新增任务

[定时任务] 执矩: 开始查询新增任务

[定时任务] 磐石: 开始查询新增任务

[定时任务] 灵犀: 开始查询新增任务

[定时任务] 天策: 开始查询新增任务
[定时任务] 天枢: 唤醒检查完成
[定时任务] 匠心: 唤醒检查完成
[定时任务] 司库: 唤醒检查完成
[定时任务] 执矩: 唤醒检查完成
[定时任务] 磐石: 唤醒检查完成
[定时任务] 天策: 唤醒检查完成
[定时任务] 灵犀: 唤醒检查完成

[定时任务] 天枢: 开始查询新增任务

[定时任务] 匠心: 开始查询新增任务

[定时任务] 司库: 开始查询新增任务

[定时任务] 执矩: 开始查询新增任务

[定时任务] 磐石: 开始查询新增任务

[定时任务] 灵犀: 开始查询新增任务

[定时任务] 天策: 开始查询新增任务
[定时任务] 天枢: 唤醒检查完成
[定时任务] 匠心: 唤醒检查完成
[定时任务] 司库: 唤醒检查完成
[定时任务] 执矩: 唤醒检查完成
[定时任务] 磐石: 唤醒检查完成
[定时任务] 灵犀: 唤醒检查完成
[定时任务] 天策: 唤醒检查完成

[定时任务] 天枢: 开始查询新增任务

[定时任务] 匠心: 开始查询新增任务

[定时任务] 司库: 开始查询新增任务
[定时任务] 天枢: 唤醒检查完成

[定时任务] 执矩: 开始查询新增任务

[定时任务] 磐石: 开始查询新增任务

[定时任务] 灵犀: 开始查询新增任务

[定时任务] 天策: 开始查询新增任务
[定时任务] 匠心: 唤醒检查完成
[定时任务] 司库: 唤醒检查完成
[定时任务] 执矩: 唤醒检查完成
[定时任务] 磐石: 唤醒检查完成
[定时任务] 天策: 唤醒检查完成
[定时任务] 灵犀: 唤醒检查完成

[定时任务] 天枢: 开始查询新增任务

[定时任务] 匠心: 开始查询新增任务

[定时任务] 司库: 开始查询新增任务

[定时任务] 执矩: 开始查询新增任务

[定时任务] 磐石: 开始查询新增任务

[定时任务] 灵犀: 开始查询新增任务

[定时任务] 天策: 开始查询新增任务
[定时任务] 天枢: 唤醒检查完成
[定时任务] 匠心: 唤醒检查完成
[定时任务] 司库: 唤醒检查完成
[定时任务] 执矩: 唤醒检查完成
[定时任务] 磐石: 唤醒检查完成
[定时任务] 灵犀: 唤醒检查完成
[定时任务] 天策: 唤醒检查完成

[定时任务] 天枢: 开始查询新增任务

[定时任务] 匠心: 开始查询新增任务

[定时任务] 司库: 开始查询新增任务
[定时任务] 天枢: 唤醒检查完成
[定时任务] 匠心: 唤醒检查完成

[定时任务] 执矩: 开始查询新增任务
[定时任务] 司库: 唤醒检查完成

[定时任务] 磐石: 开始查询新增任务

[定时任务] 灵犀: 开始查询新增任务

[定时任务] 天策: 开始查询新增任务
[定时任务] 执矩: 唤醒检查完成
[定时任务] 磐石: 唤醒检查完成
[定时任务] 灵犀: 唤醒检查完成
[定时任务] 天策: 唤醒检查完成

[定时任务] 天枢: 开始查询新增任务

[定时任务] 匠心: 开始查询新增任务

[定时任务] 司库: 开始查询新增任务
[定时任务] 天枢: 唤醒检查完成
[定时任务] 匠心: 唤醒检查完成

[定时任务] 执矩: 开始查询新增任务

[定时任务] 磐石: 开始查询新增任务

[定时任务] 灵犀: 开始查询新增任务

[定时任务] 天策: 开始查询新增任务
[定时任务] 司库: 唤醒检查完成
[定时任务] 执矩: 唤醒检查完成
[定时任务] 磐石: 唤醒检查完成
[定时任务] 灵犀: 唤醒检查完成
[定时任务] 天策: 唤醒检查完成

[定时任务] 天枢: 开始查询新增任务

[定时任务] 匠心: 开始查询新增任务

[定时任务] 司库: 开始查询新增任务

[定时任务] 执矩: 开始查询新增任务

[定时任务] 磐石: 开始查询新增任务

[定时任务] 灵犀: 开始查询新增任务

[定时任务] 天策: 开始查询新增任务
[定时任务] 天枢: 唤醒检查完成
[定时任务] 匠心: 唤醒检查完成
[定时任务] 司库: 唤醒检查完成
[定时任务] 执矩: 唤醒检查完成
[定时任务] 磐石: 唤醒检查完成
[定时任务] 灵犀: 唤醒检查完成
[定时任务] 天策: 唤醒检查完成

[定时任务] 天枢: 开始查询新增任务

[定时任务] 匠心: 开始查询新增任务

[定时任务] 司库: 开始查询新增任务
[定时任务] 天枢: 唤醒检查完成
[定时任务] 司库: 唤醒检查完成

[定时任务] 执矩: 开始查询新增任务

[定时任务] 磐石: 开始查询新增任务

[定时任务] 灵犀: 开始查询新增任务

[定时任务] 天策: 开始查询新增任务
[定时任务] 匠心: 唤醒检查完成
[定时任务] 执矩: 唤醒检查完成
[定时任务] 磐石: 唤醒检查完成
[定时任务] 天策: 唤醒检查完成
[定时任务] 灵犀: 唤醒检查完成

[定时任务] 天枢: 开始查询新增任务

[定时任务] 匠心: 开始查询新增任务

[定时任务] 司库: 开始查询新增任务

[定时任务] 执矩: 开始查询新增任务

[定时任务] 磐石: 开始查询新增任务

[定时任务] 灵犀: 开始查询新增任务

[定时任务] 天策: 开始查询新增任务
[定时任务] 天枢: 唤醒检查完成
[定时任务] 匠心: 唤醒检查完成
[定时任务] 司库: 唤醒检查完成
[定时任务] 执矩: 唤醒检查完成
[定时任务] 灵犀: 唤醒检查完成
[定时任务] 磐石: 唤醒检查完成
[定时任务] 天策: 唤醒检查完成

[定时任务] 天枢: 开始查询新增任务

[定时任务] 匠心: 开始查询新增任务

[定时任务] 司库: 开始查询新增任务

[定时任务] 执矩: 开始查询新增任务

[定时任务] 磐石: 开始查询新增任务

[定时任务] 灵犀: 开始查询新增任务

[定时任务] 天策: 开始查询新增任务
[定时任务] 天枢: 唤醒检查完成
[定时任务] 匠心: 唤醒检查完成
[定时任务] 司库: 唤醒检查完成
[定时任务] 执矩: 唤醒检查完成
[定时任务] 磐石: 唤醒检查完成
[定时任务] 灵犀: 唤醒检查完成
[定时任务] 天策: 唤醒检查完成

[定时任务] 天枢: 开始查询新增任务

[定时任务] 匠心: 开始查询新增任务

[定时任务] 司库: 开始查询新增任务

[定时任务] 执矩: 开始查询新增任务

[定时任务] 磐石: 开始查询新增任务

[定时任务] 灵犀: 开始查询新增任务
[定时任务] 天枢: 唤醒检查完成

[定时任务] 天策: 开始查询新增任务
[定时任务] 匠心: 唤醒检查完成
[定时任务] 司库: 唤醒检查完成
[定时任务] 天策: 唤醒检查完成
[定时任务] 执矩: 唤醒检查完成
[定时任务] 磐石: 唤醒检查完成
[定时任务] 灵犀: 唤醒检查完成

[定时任务] 天枢: 开始查询新增任务

[定时任务] 匠心: 开始查询新增任务

[定时任务] 司库: 开始查询新增任务

[定时任务] 执矩: 开始查询新增任务

[定时任务] 磐石: 开始查询新增任务

[定时任务] 灵犀: 开始查询新增任务
[定时任务] 天枢: 唤醒检查完成

[定时任务] 天策: 开始查询新增任务
[定时任务] 匠心: 唤醒检查完成
[定时任务] 司库: 唤醒检查完成
[定时任务] 天策: 唤醒检查完成
[定时任务] 执矩: 唤醒检查完成
[定时任务] 磐石: 唤醒检查完成
[定时任务] 灵犀: 唤醒检查完成

[定时任务] 天枢: 开始查询新增任务

[定时任务] 匠心: 开始查询新增任务

[定时任务] 司库: 开始查询新增任务

[定时任务] 执矩: 开始查询新增任务

[定时任务] 磐石: 开始查询新增任务

[定时任务] 灵犀: 开始查询新增任务

[定时任务] 天策: 开始查询新增任务
[定时任务] 天枢: 唤醒检查完成
[定时任务] 匠心: 唤醒检查完成
[定时任务] 司库: 唤醒检查完成
[定时任务] 执矩: 唤醒检查完成
[定时任务] 磐石: 唤醒检查完成
[定时任务] 灵犀: 唤醒检查完成
[定时任务] 天策: 唤醒检查完成

[定时任务] 天枢: 开始查询新增任务

[定时任务] 匠心: 开始查询新增任务

[定时任务] 司库: 开始查询新增任务

[定时任务] 执矩: 开始查询新增任务

[定时任务] 磐石: 开始查询新增任务

[定时任务] 灵犀: 开始查询新增任务

[定时任务] 天策: 开始查询新增任务
[定时任务] 天枢: 唤醒检查完成
[定时任务] 匠心: 唤醒检查完成
[定时任务] 司库: 唤醒检查完成
[定时任务] 执矩: 唤醒检查完成
[定时任务] 磐石: 唤醒检查完成
[定时任务] 灵犀: 唤醒检查完成
[定时任务] 天策: 唤醒检查完成

[定时任务] 天枢: 开始查询新增任务

[定时任务] 匠心: 开始查询新增任务

[定时任务] 司库: 开始查询新增任务

[定时任务] 执矩: 开始查询新增任务

[定时任务] 磐石: 开始查询新增任务

[定时任务] 灵犀: 开始查询新增任务

[定时任务] 天策: 开始查询新增任务
[定时任务] 天枢: 唤醒检查完成
[定时任务] 匠心: 唤醒检查完成
[定时任务] 司库: 唤醒检查完成
[定时任务] 执矩: 唤醒检查完成
[定时任务] 灵犀: 唤醒检查完成
[定时任务] 磐石: 唤醒检查完成
[定时任务] 天策: 唤醒检查完成

[定时任务] 天枢: 开始查询新增任务

[定时任务] 匠心: 开始查询新增任务

[定时任务] 司库: 开始查询新增任务

[定时任务] 执矩: 开始查询新增任务

[定时任务] 磐石: 开始查询新增任务

[定时任务] 灵犀: 开始查询新增任务

[定时任务] 天策: 开始查询新增任务
[定时任务] 天枢: 唤醒检查完成
[定时任务] 匠心: 唤醒检查完成
[定时任务] 司库: 唤醒检查完成
[定时任务] 执矩: 唤醒检查完成
[定时任务] 磐石: 唤醒检查完成
[定时任务] 灵犀: 唤醒检查完成
[定时任务] 天策: 唤醒检查完成

[定时任务] 天枢: 开始查询新增任务

[定时任务] 匠心: 开始查询新增任务

[定时任务] 司库: 开始查询新增任务

[定时任务] 执矩: 开始查询新增任务

[定时任务] 磐石: 开始查询新增任务

[定时任务] 灵犀: 开始查询新增任务

[定时任务] 天策: 开始查询新增任务
[定时任务] 天枢: 唤醒检查完成
[定时任务] 匠心: 唤醒检查完成
[定时任务] 执矩: 唤醒检查完成
[定时任务] 司库: 唤醒检查完成
[定时任务] 磐石: 唤醒检查完成
[定时任务] 灵犀: 唤醒检查完成
[定时任务] 天策: 唤醒检查完成

[定时任务] 天枢: 开始查询新增任务

[定时任务] 匠心: 开始查询新增任务

[定时任务] 司库: 开始查询新增任务

[定时任务] 执矩: 开始查询新增任务

[定时任务] 磐石: 开始查询新增任务

[定时任务] 灵犀: 开始查询新增任务

[定时任务] 天策: 开始查询新增任务
[定时任务] 天枢: 唤醒检查完成
[定时任务] 匠心: 唤醒检查完成
[定时任务] 司库: 唤醒检查完成
[定时任务] 执矩: 唤醒检查完成
[定时任务] 灵犀: 唤醒检查完成
[定时任务] 磐石: 唤醒检查完成
[定时任务] 天策: 唤醒检查完成

[定时任务] 天枢: 开始查询新增任务

[定时任务] 匠心: 开始查询新增任务

[定时任务] 司库: 开始查询新增任务

[定时任务] 执矩: 开始查询新增任务

[定时任务] 磐石: 开始查询新增任务

[定时任务] 灵犀: 开始查询新增任务

[定时任务] 天策: 开始查询新增任务
[定时任务] 天枢: 唤醒检查完成
[定时任务] 匠心: 唤醒检查完成
[定时任务] 司库: 唤醒检查完成
[定时任务] 执矩: 唤醒检查完成
[定时任务] 磐石: 唤醒检查完成
[定时任务] 天策: 唤醒检查完成
[定时任务] 灵犀: 唤醒检查完成

[定时任务] 天枢: 开始查询新增任务

[定时任务] 匠心: 开始查询新增任务

[定时任务] 司库: 开始查询新增任务

[定时任务] 执矩: 开始查询新增任务

[定时任务] 磐石: 开始查询新增任务

[定时任务] 灵犀: 开始查询新增任务

[定时任务] 天策: 开始查询新增任务
[定时任务] 天枢: 唤醒检查完成
[定时任务] 匠心: 唤醒检查完成
[定时任务] 司库: 唤醒检查完成
[定时任务] 执矩: 唤醒检查完成
[定时任务] 磐石: 唤醒检查完成
[定时任务] 灵犀: 唤醒检查完成
[定时任务] 天策: 唤醒检查完成

[定时任务] 天枢: 开始查询新增任务

[定时任务] 匠心: 开始查询新增任务

[定时任务] 司库: 开始查询新增任务

[定时任务] 执矩: 开始查询新增任务

[定时任务] 磐石: 开始查询新增任务

[定时任务] 灵犀: 开始查询新增任务

[定时任务] 天策: 开始查询新增任务
[定时任务] 天枢: 唤醒检查完成
[定时任务] 匠心: 唤醒检查完成
[定时任务] 司库: 唤醒检查完成
[定时任务] 执矩: 唤醒检查完成
[定时任务] 磐石: 唤醒检查完成
[定时任务] 灵犀: 唤醒检查完成
[定时任务] 天策: 唤醒检查完成
[数据] 已保存 211 个任务
[审计] CREATE_TASK - 系统测试 操作 task:2547c4d3-de53-47db-b793-6d661dbf68f3
[BCE 任务] 创建任务：2547c4d3-de53-47db-b793-6d661dbf68f3, 标题：【测试】BCE Skill 功能验证, 创建人：系统测试
[通知] 开始三通道通知：匠心 <- 系统测试, 类型：task_created
[通知] ✅ sessions_send 推送给 匠心 成功
[飞书] === 开始发送通知 ===
[飞书] task.assignee: "匠心" (类型：string)
[飞书] task.title: "📋 新任务分配：【测试】BCE Skill 功能验证"
[飞书] action: "undefined"
[飞书] ✅ 用户名 匠心 → user_id: ou_11b23f47253fc3551ffed488527c7740
[飞书] getUserIdByName("匠心") 返回：ou_11b23f47253fc3551ffed488527c7740
[飞书] 准备@的 user_id: ["ou_11b23f47253fc3551ffed488527c7740"]
[飞书] Token 获取成功，有效期: 3/22/2026, 1:12:00 PM
[飞书] 设置@用户: [ 'ou_11b23f47253fc3551ffed488527c7740' ]
[飞书] 发送消息: {
  chatId: 'oc_19be54b67684b6597ff335d7534896d4',
  msg_type: 'text',
  atUserIds: [ 'ou_11b23f47253fc3551ffed488527c7740' ],
  content_preview: '任务状态更新\n任务：📋 新任务分配：【测试】BCE Skill 功能验证\n负责人：匠心\n负责人是否'
}
[飞书] 消息发送成功: om_x100b54c2fb59b8a0b3df5253c003c78
[通知] ✅ 飞书卡片推送给 匠心 成功
[邮箱] 发送消息给 匠心 (目录：jiangxin), 类型：task_created
[邮箱] 消息已存入 匠心 的邮箱：msg-1774152537459
[任务创建] 三通道通知已发送给 匠心

[定时任务] 天枢: 开始查询新增任务

[定时任务] 匠心: 开始查询新增任务

[定时任务] 司库: 开始查询新增任务

[定时任务] 执矩: 开始查询新增任务

[定时任务] 磐石: 开始查询新增任务

[定时任务] 灵犀: 开始查询新增任务

[定时任务] 天策: 开始查询新增任务
[定时任务] 天枢: 唤醒检查完成
[唤醒] 匠心 - 【测试】BCE Skill 功能验证 - 第1级唤醒（已过去1分钟）
[定时任务] 司库: 唤醒检查完成
[定时任务] 执矩: 唤醒检查完成
[定时任务] 灵犀: 唤醒检查完成
[定时任务] 磐石: 唤醒检查完成
[定时任务] 天策: 唤醒检查完成
[定时任务] 飞书消息发送成功：om_x100b54c2f5557ca4b28a6b385f94f60
[唤醒] 匠心: 第 1 级唤醒（群@通知）已发送
[定时任务] 匠心: 唤醒检查完成

[定时任务] 天枢: 开始查询新增任务

[定时任务] 匠心: 开始查询新增任务

[定时任务] 司库: 开始查询新增任务

[定时任务] 执矩: 开始查询新增任务

[定时任务] 磐石: 开始查询新增任务

[定时任务] 灵犀: 开始查询新增任务

[定时任务] 天策: 开始查询新增任务
[定时任务] 天枢: 唤醒检查完成
[唤醒] 匠心 - 【测试】BCE Skill 功能验证 - 第2级唤醒（已过去6分钟）
[定时任务] 司库: 唤醒检查完成
[定时任务] 执矩: 唤醒检查完成
[定时任务] 磐石: 唤醒检查完成
[定时任务] 灵犀: 唤醒检查完成
[定时任务] 天策: 唤醒检查完成
[定时任务] 飞书消息发送成功：om_x100b54c2809aa4a0b3ff44ea48468ab
[唤醒] 匠心: 第 2 级唤醒（群@强提醒）已发送
[定时任务] 匠心: 唤醒检查完成

[定时任务] 天枢: 开始查询新增任务

[定时任务] 匠心: 开始查询新增任务

[定时任务] 司库: 开始查询新增任务

[定时任务] 执矩: 开始查询新增任务

[定时任务] 磐石: 开始查询新增任务

[定时任务] 灵犀: 开始查询新增任务

[定时任务] 天策: 开始查询新增任务
[定时任务] 天枢: 唤醒检查完成
[唤醒] 匠心 - 【测试】BCE Skill 功能验证 - 第3级唤醒（已过去11分钟）
[定时任务] 司库: 唤醒检查完成
[定时任务] 执矩: 唤醒检查完成
[定时任务] 磐石: 唤醒检查完成
[定时任务] 灵犀: 唤醒检查完成
[定时任务] 天策: 唤醒检查完成
[定时任务] 飞书消息发送成功：om_x100b54c2afd5cca0b4c12a229759916
[唤醒] 匠心: 第 3 级唤醒（群@紧急）已发送
[定时任务] 匠心: 唤醒检查完成

[定时任务] 天枢: 开始查询新增任务

[定时任务] 匠心: 开始查询新增任务

[定时任务] 司库: 开始查询新增任务

[定时任务] 执矩: 开始查询新增任务

[定时任务] 磐石: 开始查询新增任务

[定时任务] 灵犀: 开始查询新增任务

[定时任务] 天策: 开始查询新增任务
[定时任务] 天枢: 唤醒检查完成
[唤醒] 匠心 - 【测试】BCE Skill 功能验证 - 第4级唤醒（已过去16分钟）
[定时任务] 司库: 唤醒检查完成
[定时任务] 磐石: 唤醒检查完成
[定时任务] 执矩: 唤醒检查完成
[定时任务] 灵犀: 唤醒检查完成
[定时任务] 天策: 唤醒检查完成
[定时任务] 飞书消息发送成功：om_x100b54c2bd1514acb348f6282aceb97
[唤醒] 匠心: 第 4 级唤醒（通知创建人）已发送
[定时任务] 匠心: 唤醒检查完成

[定时任务] 天枢: 开始查询新增任务

[定时任务] 匠心: 开始查询新增任务

[定时任务] 司库: 开始查询新增任务

[定时任务] 执矩: 开始查询新增任务

[定时任务] 磐石: 开始查询新增任务

[定时任务] 灵犀: 开始查询新增任务

[定时任务] 天策: 开始查询新增任务
[定时任务] 天枢: 唤醒检查完成
[定时任务] 匠心: 唤醒检查完成
[定时任务] 司库: 唤醒检查完成
[定时任务] 执矩: 唤醒检查完成
[定时任务] 磐石: 唤醒检查完成
[定时任务] 灵犀: 唤醒检查完成
[定时任务] 天策: 唤醒检查完成

[定时任务] 天枢: 开始查询新增任务

[定时任务] 匠心: 开始查询新增任务

[定时任务] 司库: 开始查询新增任务

[定时任务] 执矩: 开始查询新增任务

[定时任务] 磐石: 开始查询新增任务

[定时任务] 灵犀: 开始查询新增任务

[定时任务] 天策: 开始查询新增任务
[定时任务] 天枢: 唤醒检查完成
[定时任务] 匠心: 唤醒检查完成
[定时任务] 司库: 唤醒检查完成
[定时任务] 磐石: 唤醒检查完成
[定时任务] 执矩: 唤醒检查完成
[定时任务] 灵犀: 唤醒检查完成
[定时任务] 天策: 唤醒检查完成

[定时任务] 天枢: 开始查询新增任务

[定时任务] 匠心: 开始查询新增任务

[定时任务] 司库: 开始查询新增任务

[定时任务] 执矩: 开始查询新增任务

[定时任务] 磐石: 开始查询新增任务

[定时任务] 灵犀: 开始查询新增任务

[定时任务] 天策: 开始查询新增任务
[定时任务] 匠心: 唤醒检查完成
[定时任务] 天枢: 唤醒检查完成
[定时任务] 司库: 唤醒检查完成
[定时任务] 执矩: 唤醒检查完成
[定时任务] 灵犀: 唤醒检查完成
[定时任务] 磐石: 唤醒检查完成
[定时任务] 天策: 唤醒检查完成

[定时任务] 天枢: 开始查询新增任务

[定时任务] 匠心: 开始查询新增任务

[定时任务] 司库: 开始查询新增任务

[定时任务] 执矩: 开始查询新增任务

[定时任务] 磐石: 开始查询新增任务

[定时任务] 灵犀: 开始查询新增任务

[定时任务] 天策: 开始查询新增任务
[定时任务] 天枢: 唤醒检查完成
[定时任务] 匠心: 唤醒检查完成
[定时任务] 司库: 唤醒检查完成
[定时任务] 执矩: 唤醒检查完成
[定时任务] 磐石: 唤醒检查完成
[定时任务] 灵犀: 唤醒检查完成
[定时任务] 天策: 唤醒检查完成

[定时任务] 天枢: 开始查询新增任务

[定时任务] 匠心: 开始查询新增任务

[定时任务] 司库: 开始查询新增任务

[定时任务] 执矩: 开始查询新增任务

[定时任务] 磐石: 开始查询新增任务

[定时任务] 灵犀: 开始查询新增任务

[定时任务] 天策: 开始查询新增任务
[定时任务] 天枢: 唤醒检查完成
[定时任务] 匠心: 唤醒检查完成
[定时任务] 司库: 唤醒检查完成
[定时任务] 执矩: 唤醒检查完成
[定时任务] 磐石: 唤醒检查完成
[定时任务] 灵犀: 唤醒检查完成
[定时任务] 天策: 唤醒检查完成

[定时任务] 天枢: 开始查询新增任务

[定时任务] 匠心: 开始查询新增任务

[定时任务] 司库: 开始查询新增任务

[定时任务] 执矩: 开始查询新增任务

[定时任务] 磐石: 开始查询新增任务

[定时任务] 灵犀: 开始查询新增任务

[定时任务] 天策: 开始查询新增任务
[定时任务] 天枢: 唤醒检查完成
[定时任务] 司库: 唤醒检查完成
[定时任务] 匠心: 唤醒检查完成
[定时任务] 执矩: 唤醒检查完成
[定时任务] 磐石: 唤醒检查完成
[定时任务] 灵犀: 唤醒检查完成
[定时任务] 天策: 唤醒检查完成

[定时任务] 天枢: 开始查询新增任务

[定时任务] 匠心: 开始查询新增任务

[定时任务] 司库: 开始查询新增任务

[定时任务] 执矩: 开始查询新增任务

[定时任务] 磐石: 开始查询新增任务

[定时任务] 灵犀: 开始查询新增任务

[定时任务] 天策: 开始查询新增任务
[定时任务] 天枢: 唤醒检查完成
[定时任务] 匠心: 唤醒检查完成
[定时任务] 司库: 唤醒检查完成
[定时任务] 执矩: 唤醒检查完成
[定时任务] 灵犀: 唤醒检查完成
[定时任务] 磐石: 唤醒检查完成
[定时任务] 天策: 唤醒检查完成

[定时任务] 天枢: 开始查询新增任务

[定时任务] 匠心: 开始查询新增任务

[定时任务] 司库: 开始查询新增任务

[定时任务] 执矩: 开始查询新增任务

[定时任务] 磐石: 开始查询新增任务

[定时任务] 灵犀: 开始查询新增任务

[定时任务] 天策: 开始查询新增任务
[定时任务] 天枢: 唤醒检查完成
[定时任务] 匠心: 唤醒检查完成
[定时任务] 司库: 唤醒检查完成
[定时任务] 执矩: 唤醒检查完成
[定时任务] 磐石: 唤醒检查完成
[定时任务] 天策: 唤醒检查完成
[定时任务] 灵犀: 唤醒检查完成

[定时任务] 天枢: 开始查询新增任务

[定时任务] 匠心: 开始查询新增任务

[定时任务] 司库: 开始查询新增任务

[定时任务] 执矩: 开始查询新增任务

[定时任务] 磐石: 开始查询新增任务

[定时任务] 灵犀: 开始查询新增任务

[定时任务] 天策: 开始查询新增任务
[定时任务] 天枢: 唤醒检查完成
[定时任务] 匠心: 唤醒检查完成
[定时任务] 司库: 唤醒检查完成
[定时任务] 磐石: 唤醒检查完成
[定时任务] 执矩: 唤醒检查完成
[定时任务] 灵犀: 唤醒检查完成
[定时任务] 天策: 唤醒检查完成
[数据] 已保存 212 个任务
[审计] CREATE_TASK - 司库 操作 task:b931a6f1-05d8-4772-8b86-8144edd9d507
[BCE 任务] 创建任务：b931a6f1-05d8-4772-8b86-8144edd9d507, 标题：🚀 北斗智投系统 - 可视化看板, 创建人：司库
[通知] 开始三通道通知：匠心 <- 司库, 类型：task_created
[数据] 已保存 213 个任务
[审计] CREATE_TASK - 司库 操作 task:ff4d8a39-8701-4a30-ad81-e3fedb4d7cec
[BCE 任务] 创建任务：ff4d8a39-8701-4a30-ad81-e3fedb4d7cec, 标题：🚀 北斗智投系统 - 运维调度, 创建人：司库
[通知] 开始三通道通知：磐石 <- 司库, 类型：task_created
[数据] 已保存 214 个任务
[审计] CREATE_TASK - 司库 操作 task:945d3388-2207-482b-a226-296a16015042
[BCE 任务] 创建任务：945d3388-2207-482b-a226-296a16015042, 标题：🚀 北斗智投系统 - 智能决策模块, 创建人：司库
[通知] 开始三通道通知：匠心 <- 司库, 类型：task_created
[数据] 已保存 215 个任务
[审计] CREATE_TASK - 司库 操作 task:77fd5bf8-9036-41d4-b286-8cadbdda7104
[BCE 任务] 创建任务：77fd5bf8-9036-41d4-b286-8cadbdda7104, 标题：🚀 北斗智投系统 - iMessage 通知, 创建人：司库
[通知] 开始三通道通知：磐石 <- 司库, 类型：task_created
[通知] ✅ sessions_send 推送给 匠心 成功
[飞书] === 开始发送通知 ===
[飞书] task.assignee: "匠心" (类型：string)
[飞书] task.title: "📋 新任务分配：🚀 北斗智投系统 - 可视化看板"
[飞书] action: "undefined"
[飞书] ✅ 用户名 匠心 → user_id: ou_11b23f47253fc3551ffed488527c7740
[飞书] getUserIdByName("匠心") 返回：ou_11b23f47253fc3551ffed488527c7740
[飞书] 准备@的 user_id: ["ou_11b23f47253fc3551ffed488527c7740"]
[飞书] 设置@用户: [ 'ou_11b23f47253fc3551ffed488527c7740' ]
[飞书] 发送消息: {
  chatId: 'oc_19be54b67684b6597ff335d7534896d4',
  msg_type: 'text',
  atUserIds: [ 'ou_11b23f47253fc3551ffed488527c7740' ],
  content_preview: '任务状态更新\n任务：📋 新任务分配：🚀 北斗智投系统 - 可视化看板\n负责人：匠心\n负责人是否已'
}
[数据] 已保存 216 个任务
[审计] CREATE_TASK - 司库 操作 task:69cd6603-85fd-4c12-8f40-d710cc74466c
[BCE 任务] 创建任务：69cd6603-85fd-4c12-8f40-d710cc74466c, 标题：🚀 北斗智投系统 - 数据感知模块, 创建人：司库
[通知] 开始三通道通知：磐石 <- 司库, 类型：task_created
[通知] ✅ sessions_send 推送给 磐石 成功
[飞书] === 开始发送通知 ===
[飞书] task.assignee: "磐石" (类型：string)
[飞书] task.title: "📋 新任务分配：🚀 北斗智投系统 - 运维调度"
[飞书] action: "undefined"
[飞书] ✅ 用户名 磐石 → user_id: ou_dba586c77d92f652e427370d3f54cc54
[飞书] getUserIdByName("磐石") 返回：ou_dba586c77d92f652e427370d3f54cc54
[飞书] 准备@的 user_id: ["ou_dba586c77d92f652e427370d3f54cc54"]
[飞书] 设置@用户: [ 'ou_dba586c77d92f652e427370d3f54cc54' ]
[飞书] 发送消息: {
  chatId: 'oc_19be54b67684b6597ff335d7534896d4',
  msg_type: 'text',
  atUserIds: [ 'ou_dba586c77d92f652e427370d3f54cc54' ],
  content_preview: '任务状态更新\n任务：📋 新任务分配：🚀 北斗智投系统 - 运维调度\n负责人：磐石\n负责人是否已接'
}
[通知] ✅ sessions_send 推送给 磐石 成功
[飞书] === 开始发送通知 ===
[飞书] task.assignee: "磐石" (类型：string)
[飞书] task.title: "📋 新任务分配：🚀 北斗智投系统 - 数据感知模块"
[飞书] action: "undefined"
[飞书] ✅ 用户名 磐石 → user_id: ou_dba586c77d92f652e427370d3f54cc54
[飞书] getUserIdByName("磐石") 返回：ou_dba586c77d92f652e427370d3f54cc54
[飞书] 准备@的 user_id: ["ou_dba586c77d92f652e427370d3f54cc54"]
[飞书] 设置@用户: [ 'ou_dba586c77d92f652e427370d3f54cc54' ]
[飞书] 发送消息: {
  chatId: 'oc_19be54b67684b6597ff335d7534896d4',
  msg_type: 'text',
  atUserIds: [ 'ou_dba586c77d92f652e427370d3f54cc54' ],
  content_preview: '任务状态更新\n任务：📋 新任务分配：🚀 北斗智投系统 - 数据感知模块\n负责人：磐石\n负责人是否'
}
[数据] 已保存 217 个任务
[审计] CREATE_TASK - 司库 操作 task:4c9a5be9-7e10-4267-bdf5-7211f526a792
[BCE 任务] 创建任务：4c9a5be9-7e10-4267-bdf5-7211f526a792, 标题：🚀 北斗智投系统 - 财务知识库, 创建人：司库
[通知] 开始三通道通知：司库 <- 司库, 类型：task_created
[通知] ✅ sessions_send 推送给 匠心 成功
[飞书] === 开始发送通知 ===
[飞书] task.assignee: "匠心" (类型：string)
[飞书] task.title: "📋 新任务分配：🚀 北斗智投系统 - 智能决策模块"
[飞书] action: "undefined"
[飞书] ✅ 用户名 匠心 → user_id: ou_11b23f47253fc3551ffed488527c7740
[飞书] getUserIdByName("匠心") 返回：ou_11b23f47253fc3551ffed488527c7740
[飞书] 准备@的 user_id: ["ou_11b23f47253fc3551ffed488527c7740"]
[飞书] 设置@用户: [ 'ou_11b23f47253fc3551ffed488527c7740' ]
[飞书] 发送消息: {
  chatId: 'oc_19be54b67684b6597ff335d7534896d4',
  msg_type: 'text',
  atUserIds: [ 'ou_11b23f47253fc3551ffed488527c7740' ],
  content_preview: '任务状态更新\n任务：📋 新任务分配：🚀 北斗智投系统 - 智能决策模块\n负责人：匠心\n负责人是否'
}
[通知] ✅ sessions_send 推送给 司库 成功
[飞书] === 开始发送通知 ===
[飞书] task.assignee: "司库" (类型：string)
[飞书] task.title: "📋 新任务分配：🚀 北斗智投系统 - 财务知识库"
[飞书] action: "undefined"
[飞书] ✅ 用户名 司库 → user_id: ou_998d07ddc86ad7ba9d4dd12dddc55cc6
[飞书] getUserIdByName("司库") 返回：ou_998d07ddc86ad7ba9d4dd12dddc55cc6
[飞书] 准备@的 user_id: ["ou_998d07ddc86ad7ba9d4dd12dddc55cc6"]
[飞书] 设置@用户: [ 'ou_998d07ddc86ad7ba9d4dd12dddc55cc6' ]
[飞书] 发送消息: {
  chatId: 'oc_19be54b67684b6597ff335d7534896d4',
  msg_type: 'text',
  atUserIds: [ 'ou_998d07ddc86ad7ba9d4dd12dddc55cc6' ],
  content_preview: '任务状态更新\n任务：📋 新任务分配：🚀 北斗智投系统 - 财务知识库\n负责人：司库\n负责人是否已'
}
[通知] ✅ sessions_send 推送给 磐石 成功
[飞书] === 开始发送通知 ===
[飞书] task.assignee: "磐石" (类型：string)
[飞书] task.title: "📋 新任务分配：🚀 北斗智投系统 - iMessage 通知"
[飞书] action: "undefined"
[飞书] ✅ 用户名 磐石 → user_id: ou_dba586c77d92f652e427370d3f54cc54
[飞书] getUserIdByName("磐石") 返回：ou_dba586c77d92f652e427370d3f54cc54
[飞书] 准备@的 user_id: ["ou_dba586c77d92f652e427370d3f54cc54"]
[飞书] 设置@用户: [ 'ou_dba586c77d92f652e427370d3f54cc54' ]
[飞书] 发送消息: {
  chatId: 'oc_19be54b67684b6597ff335d7534896d4',
  msg_type: 'text',
  atUserIds: [ 'ou_dba586c77d92f652e427370d3f54cc54' ],
  content_preview: '任务状态更新\n任务：📋 新任务分配：🚀 北斗智投系统 - iMessage 通知\n负责人：磐石\n'
}
[飞书] 消息发送成功: om_x100b54c3d35af4a4b361acdb56a08ce
[通知] ✅ 飞书卡片推送给 磐石 成功
[邮箱] 发送消息给 磐石 (目录：panshi), 类型：task_created
[飞书] 消息发送成功: om_x100b54c3d35ad0a0b49a4dbea33cadf
[通知] ✅ 飞书卡片推送给 匠心 成功
[邮箱] 发送消息给 匠心 (目录：jiangxin), 类型：task_created
[邮箱] 消息已存入 匠心 的邮箱：msg-1774156249712
[任务创建] 三通道通知已发送给 匠心
[邮箱] 消息已存入 磐石 的邮箱：msg-1774156249712
[任务创建] 三通道通知已发送给 磐石
[飞书] 消息发送成功: om_x100b54c3d35ae4a4b3b6d16208446ef
[通知] ✅ 飞书卡片推送给 匠心 成功
[邮箱] 发送消息给 匠心 (目录：jiangxin), 类型：task_created
[邮箱] 消息已存入 匠心 的邮箱：msg-1774156249715
[任务创建] 三通道通知已发送给 匠心
[飞书] 消息发送成功: om_x100b54c3d35a34a4b498c1a8711d692
[通知] ✅ 飞书卡片推送给 磐石 成功
[邮箱] 发送消息给 磐石 (目录：panshi), 类型：task_created
[邮箱] 消息已存入 磐石 的邮箱：msg-1774156249746
[任务创建] 三通道通知已发送给 磐石
[飞书] 消息发送成功: om_x100b54c3d35a2ca0b3f43dd0cef9dce
[通知] ✅ 飞书卡片推送给 司库 成功
[邮箱] 发送消息给 司库 (目录：siku), 类型：task_created
[邮箱] 消息已存入 司库 的邮箱：msg-1774156249754
[任务创建] 三通道通知已发送给 司库
[飞书] 消息发送成功: om_x100b54c3d35a0530b34837753699884
[通知] ✅ 飞书卡片推送给 磐石 成功
[邮箱] 发送消息给 磐石 (目录：panshi), 类型：task_created
[邮箱] 消息已存入 磐石 的邮箱：msg-1774156249765
[任务创建] 三通道通知已发送给 磐石

[定时任务] 天枢: 开始查询新增任务

[定时任务] 匠心: 开始查询新增任务

[定时任务] 司库: 开始查询新增任务

[定时任务] 执矩: 开始查询新增任务

[定时任务] 磐石: 开始查询新增任务

[定时任务] 灵犀: 开始查询新增任务

[定时任务] 天策: 开始查询新增任务
[定时任务] 天枢: 唤醒检查完成
[唤醒] 匠心 - 🚀 北斗智投系统 - 智能决策模块 - 第1级唤醒（已过去4分钟）
[定时任务] 执矩: 唤醒检查完成
[唤醒] 司库 - 🚀 北斗智投系统 - 财务知识库 - 第1级唤醒（已过去4分钟）
[唤醒] 磐石 - 🚀 北斗智投系统 - 数据感知模块 - 第1级唤醒（已过去4分钟）
[定时任务] 天策: 唤醒检查完成
[定时任务] 灵犀: 唤醒检查完成
[定时任务] 飞书消息发送成功：om_x100b54c3e194d8a0b2c13bc908ab564
[唤醒] 司库: 第 1 级唤醒（群@通知）已发送
[定时任务] 司库: 唤醒检查完成
[定时任务] 飞书消息发送成功：om_x100b54c3e19408a0b360dca6930c7a7
[唤醒] 匠心: 第 1 级唤醒（群@通知）已发送
[唤醒] 匠心 - 🚀 北斗智投系统 - 可视化看板 - 第1级唤醒（已过去4分钟）
[定时任务] 飞书消息发送成功：om_x100b54c3e194d868b2166dd89e54a54
[唤醒] 磐石: 第 1 级唤醒（群@通知）已发送
[唤醒] 磐石 - 🚀 北斗智投系统 - iMessage 通知 - 第1级唤醒（已过去4分钟）
[定时任务] 飞书消息发送成功：om_x100b54c3e1af60a4b100b214e74400b
[唤醒] 磐石: 第 1 级唤醒（群@通知）已发送
[唤醒] 磐石 - 🚀 北斗智投系统 - 运维调度 - 第1级唤醒（已过去4分钟）
[定时任务] 飞书消息发送成功：om_x100b54c3e1aeb8a4b3d4d390f6e2042
[唤醒] 匠心: 第 1 级唤醒（群@通知）已发送
[定时任务] 匠心: 唤醒检查完成
[定时任务] 飞书消息发送成功：om_x100b54c3e1a758a0b2dffcdb3cd3dde
[唤醒] 磐石: 第 1 级唤醒（群@通知）已发送
[定时任务] 磐石: 唤醒检查完成

[定时任务] 天枢: 开始查询新增任务

[定时任务] 匠心: 开始查询新增任务

[定时任务] 司库: 开始查询新增任务

[定时任务] 执矩: 开始查询新增任务

[定时任务] 磐石: 开始查询新增任务

[定时任务] 灵犀: 开始查询新增任务

[定时任务] 天策: 开始查询新增任务
[定时任务] 天枢: 唤醒检查完成
[唤醒] 匠心 - 🚀 北斗智投系统 - 智能决策模块 - 第2级唤醒（已过去9分钟）
[唤醒] 司库 - 🚀 北斗智投系统 - 财务知识库 - 第2级唤醒（已过去9分钟）
[定时任务] 执矩: 唤醒检查完成
[唤醒] 磐石 - 🚀 北斗智投系统 - 数据感知模块 - 第2级唤醒（已过去9分钟）
[定时任务] 灵犀: 唤醒检查完成
[定时任务] 天策: 唤醒检查完成
[定时任务] 飞书消息发送成功：om_x100b54c38cda60acb2cfedadacd5045
[唤醒] 司库: 第 2 级唤醒（群@强提醒）已发送
[定时任务] 司库: 唤醒检查完成
[定时任务] 飞书消息发送成功：om_x100b54c38cd5986cb3ced9ff7dbcb80
[唤醒] 匠心: 第 2 级唤醒（群@强提醒）已发送
[唤醒] 匠心 - 🚀 北斗智投系统 - 可视化看板 - 第2级唤醒（已过去9分钟）
[定时任务] 飞书消息发送成功：om_x100b54c38cd588acb4ae226b766e3df
[唤醒] 磐石: 第 2 级唤醒（群@强提醒）已发送
[唤醒] 磐石 - 🚀 北斗智投系统 - iMessage 通知 - 第2级唤醒（已过去9分钟）
[定时任务] 飞书消息发送成功：om_x100b54c38cd2a8a4b21746e008422a1
[唤醒] 磐石: 第 2 级唤醒（群@强提醒）已发送
[唤醒] 磐石 - 🚀 北斗智投系统 - 运维调度 - 第2级唤醒（已过去9分钟）
[定时任务] 飞书消息发送成功：om_x100b54c38cd2e134b2898303ac0f43d
[唤醒] 匠心: 第 2 级唤醒（群@强提醒）已发送
[定时任务] 匠心: 唤醒检查完成
[定时任务] 飞书消息发送成功：om_x100b54c38ceb04acb3c6e9e0f1025bb
[唤醒] 磐石: 第 2 级唤醒（群@强提醒）已发送
[定时任务] 磐石: 唤醒检查完成
[数据] 已保存 217 个任务
[通知] 开始三通道通知：司库 <- 匠心, 类型：task_confirmed
[通知] ✅ sessions_send 推送给 司库 成功
[飞书] === 开始发送通知 ===
[飞书] task.assignee: "司库" (类型：string)
[飞书] task.title: "✅ 匠心 已确认接收任务：🚀 北斗智投系统 - 智能决策模块"
[飞书] action: "undefined"
[飞书] ✅ 用户名 司库 → user_id: ou_998d07ddc86ad7ba9d4dd12dddc55cc6
[飞书] getUserIdByName("司库") 返回：ou_998d07ddc86ad7ba9d4dd12dddc55cc6
[飞书] 准备@的 user_id: ["ou_998d07ddc86ad7ba9d4dd12dddc55cc6"]
[飞书] Token 获取成功，有效期: 3/22/2026, 3:10:19 PM
[飞书] 设置@用户: [ 'ou_998d07ddc86ad7ba9d4dd12dddc55cc6' ]
[飞书] 发送消息: {
  chatId: 'oc_19be54b67684b6597ff335d7534896d4',
  msg_type: 'text',
  atUserIds: [ 'ou_998d07ddc86ad7ba9d4dd12dddc55cc6' ],
  content_preview: '任务状态更新\n任务：✅ 匠心 已确认接收任务：🚀 北斗智投系统 - 智能决策模块\n负责人：司库\n负'
}
[飞书] 消息发送成功: om_x100b54c3836cccacb32c6c7d7765e5f
[通知] ✅ 飞书卡片推送给 司库 成功
[邮箱] 发送消息给 司库 (目录：siku), 类型：task_confirmed
[邮箱] 消息已存入 司库 的邮箱：msg-1774157018395
[确认反馈] 已通知上一节点 司库
[BCE 任务] 任务确认：945d3388-2207-482b-a226-296a16015042, 确认人：匠心
[数据] 已保存 217 个任务
[通知] 开始三通道通知：司库 <- 匠心, 类型：task_confirmed
[通知] ✅ sessions_send 推送给 司库 成功
[飞书] === 开始发送通知 ===
[飞书] task.assignee: "司库" (类型：string)
[飞书] task.title: "✅ 匠心 已确认接收任务：🚀 北斗智投系统 - 可视化看板"
[飞书] action: "undefined"
[飞书] ✅ 用户名 司库 → user_id: ou_998d07ddc86ad7ba9d4dd12dddc55cc6
[飞书] getUserIdByName("司库") 返回：ou_998d07ddc86ad7ba9d4dd12dddc55cc6
[飞书] 准备@的 user_id: ["ou_998d07ddc86ad7ba9d4dd12dddc55cc6"]
[飞书] 设置@用户: [ 'ou_998d07ddc86ad7ba9d4dd12dddc55cc6' ]
[飞书] 发送消息: {
  chatId: 'oc_19be54b67684b6597ff335d7534896d4',
  msg_type: 'text',
  atUserIds: [ 'ou_998d07ddc86ad7ba9d4dd12dddc55cc6' ],
  content_preview: '任务状态更新\n任务：✅ 匠心 已确认接收任务：🚀 北斗智投系统 - 可视化看板\n负责人：司库\n负责'
}
[飞书] 消息发送成功: om_x100b54c38367dca0b4cf8e992cad9d2
[通知] ✅ 飞书卡片推送给 司库 成功
[邮箱] 发送消息给 司库 (目录：siku), 类型：task_confirmed
[邮箱] 消息已存入 司库 的邮箱：msg-1774157018951
[确认反馈] 已通知上一节点 司库
[BCE 任务] 任务确认：b931a6f1-05d8-4772-8b86-8144edd9d507, 确认人：匠心

[定时任务] 天枢: 开始查询新增任务

[定时任务] 匠心: 开始查询新增任务

[定时任务] 司库: 开始查询新增任务

[定时任务] 执矩: 开始查询新增任务

[定时任务] 磐石: 开始查询新增任务

[定时任务] 灵犀: 开始查询新增任务

[定时任务] 天策: 开始查询新增任务
[定时任务] 天枢: 唤醒检查完成
[定时任务] 匠心: 唤醒检查完成
[唤醒] 司库 - 🚀 北斗智投系统 - 财务知识库 - 第3级唤醒（已过去14分钟）
[定时任务] 执矩: 唤醒检查完成
[唤醒] 磐石 - 🚀 北斗智投系统 - 数据感知模块 - 第3级唤醒（已过去14分钟）
[定时任务] 灵犀: 唤醒检查完成
[定时任务] 天策: 唤醒检查完成
[定时任务] 飞书消息发送成功：om_x100b54c39a1a44a0b4a4ee83779749c
[唤醒] 磐石: 第 3 级唤醒（群@紧急）已发送
[唤醒] 磐石 - 🚀 北斗智投系统 - iMessage 通知 - 第3级唤醒（已过去14分钟）
[定时任务] 飞书消息发送成功：om_x100b54c39a1a7ca0b2658031e72f449
[唤醒] 司库: 第 3 级唤醒（群@紧急）已发送
[定时任务] 司库: 唤醒检查完成
[定时任务] 飞书消息发送成功：om_x100b54c39a1338a0b2c255431d77568
[唤醒] 磐石: 第 3 级唤醒（群@紧急）已发送
[唤醒] 磐石 - 🚀 北斗智投系统 - 运维调度 - 第3级唤醒（已过去14分钟）
[定时任务] 飞书消息发送成功：om_x100b54c39a28f458b3f19804129a148
[唤醒] 磐石: 第 3 级唤醒（群@紧急）已发送
[定时任务] 磐石: 唤醒检查完成

[定时任务] 天枢: 开始查询新增任务

[定时任务] 匠心: 开始查询新增任务

[定时任务] 司库: 开始查询新增任务

[定时任务] 执矩: 开始查询新增任务

[定时任务] 磐石: 开始查询新增任务

[定时任务] 灵犀: 开始查询新增任务

[定时任务] 天策: 开始查询新增任务
[定时任务] 天枢: 唤醒检查完成
[定时任务] 匠心: 唤醒检查完成
[唤醒] 司库 - 🚀 北斗智投系统 - 财务知识库 - 第4级唤醒（已过去19分钟）
[定时任务] 执矩: 唤醒检查完成
[唤醒] 磐石 - 🚀 北斗智投系统 - 数据感知模块 - 第4级唤醒（已过去19分钟）
[定时任务] 灵犀: 唤醒检查完成
[定时任务] 天策: 唤醒检查完成
[定时任务] 飞书消息发送成功：om_x100b54c3a95a38a0b4b205201c204be
[唤醒] 司库: 第 4 级唤醒（通知创建人）已发送
[定时任务] 司库: 唤醒检查完成
[定时任务] 飞书消息发送成功：om_x100b54c3a95a68f8b223071d7b812fe
[唤醒] 磐石: 第 4 级唤醒（通知创建人）已发送
[唤醒] 磐石 - 🚀 北斗智投系统 - iMessage 通知 - 第4级唤醒（已过去19分钟）
[定时任务] 飞书消息发送成功：om_x100b54c3a95378a4b2cb1910c5691b9
[唤醒] 磐石: 第 4 级唤醒（通知创建人）已发送
[唤醒] 磐石 - 🚀 北斗智投系统 - 运维调度 - 第4级唤醒（已过去19分钟）
[定时任务] 飞书消息发送成功：om_x100b54c3a96be8b0b4b81bb803419fc
[唤醒] 磐石: 第 4 级唤醒（通知创建人）已发送
[定时任务] 磐石: 唤醒检查完成
[数据] 已保存 217 个任务
[通知] 开始三通道通知：匠心 <- 磐石, 类型：task_confirmed
[通知] ✅ sessions_send 推送给 匠心 成功
[飞书] === 开始发送通知 ===
[飞书] task.assignee: "匠心" (类型：string)
[飞书] task.title: "✅ 磐石 已确认接收任务：📚 BCE v3.2 系统培训 - 磐石"
[飞书] action: "undefined"
[飞书] ✅ 用户名 匠心 → user_id: ou_11b23f47253fc3551ffed488527c7740
[飞书] getUserIdByName("匠心") 返回：ou_11b23f47253fc3551ffed488527c7740
[飞书] 准备@的 user_id: ["ou_11b23f47253fc3551ffed488527c7740"]
[飞书] 设置@用户: [ 'ou_11b23f47253fc3551ffed488527c7740' ]
[飞书] 发送消息: {
  chatId: 'oc_19be54b67684b6597ff335d7534896d4',
  msg_type: 'text',
  atUserIds: [ 'ou_11b23f47253fc3551ffed488527c7740' ],
  content_preview: '任务状态更新\n任务：✅ 磐石 已确认接收任务：📚 BCE v3.2 系统培训 - 磐石\n负责人：匠'
}
[飞书] 消息发送成功: om_x100b54c3a168a0a0b35386fe68185fb
[通知] ✅ 飞书卡片推送给 匠心 成功
[邮箱] 发送消息给 匠心 (目录：jiangxin), 类型：task_confirmed
[邮箱] 消息已存入 匠心 的邮箱：msg-1774157562557
[确认反馈] 已通知上一节点 匠心
[BCE 任务] 任务确认：81a7eacf-d902-429e-b0aa-b12fe7b30844, 确认人：磐石

[定时任务] 天枢: 开始查询新增任务

[定时任务] 匠心: 开始查询新增任务

[定时任务] 司库: 开始查询新增任务

[定时任务] 执矩: 开始查询新增任务

[定时任务] 磐石: 开始查询新增任务

[定时任务] 灵犀: 开始查询新增任务

[定时任务] 天策: 开始查询新增任务
[定时任务] 天枢: 唤醒检查完成
[定时任务] 匠心: 唤醒检查完成
[定时任务] 司库: 唤醒检查完成
[定时任务] 执矩: 唤醒检查完成
[定时任务] 磐石: 唤醒检查完成
[定时任务] 灵犀: 唤醒检查完成
[定时任务] 天策: 唤醒检查完成

[定时任务] 天枢: 开始查询新增任务

[定时任务] 匠心: 开始查询新增任务

[定时任务] 司库: 开始查询新增任务

[定时任务] 执矩: 开始查询新增任务

[定时任务] 磐石: 开始查询新增任务

[定时任务] 灵犀: 开始查询新增任务

[定时任务] 天策: 开始查询新增任务
[定时任务] 天枢: 唤醒检查完成
[定时任务] 司库: 唤醒检查完成
[定时任务] 匠心: 唤醒检查完成
[定时任务] 磐石: 唤醒检查完成
[定时任务] 执矩: 唤醒检查完成
[定时任务] 天策: 唤醒检查完成
[定时任务] 灵犀: 唤醒检查完成
