╔═══════════════════════════════════════════════════════════╗
║                                                           ║
║   BCE v3.4 定时任务调度器已启动                           ║
║                                                           ║
║   进度检查：每5分钟                                  ║
║   进度汇报：每90分钟                                   ║
║                                                           ║
╚═══════════════════════════════════════════════════════════╝
[定时任务] 启动时立即执行一次检查...
[定时任务] 进度检查完成，发送0个预警
[定时任务] 执行进度检查 (3/23/2026, 4:57:33 PM)
[定时任务] 进度检查完成，发送0个预警
[定时任务] 执行进度检查 (3/23/2026, 5:02:33 PM)
[定时任务] 进度检查完成，发送0个预警
[定时任务] 执行进度检查 (3/23/2026, 5:07:33 PM)
[定时任务] 进度检查完成，发送0个预警
[定时任务] 执行进度检查 (3/23/2026, 5:12:33 PM)
[定时任务] 进度检查完成，发送0个预警
[定时任务] 执行进度检查 (3/23/2026, 5:17:33 PM)
[定时任务] 进度检查完成，发送0个预警
[定时任务] 执行进度检查 (3/23/2026, 5:22:33 PM)
[定时任务] 进度检查完成，发送0个预警
[定时任务] 执行进度检查 (3/23/2026, 5:27:33 PM)
[定时任务] 进度检查完成，发送0个预警
[定时任务] 执行进度检查 (3/23/2026, 5:32:33 PM)
[定时任务] 进度检查完成，发送0个预警
[定时任务] 执行进度检查 (3/23/2026, 5:37:33 PM)
[定时任务] 进度检查完成，发送0个预警
[定时任务] 执行进度检查 (3/23/2026, 5:42:33 PM)
[定时任务] 进度检查完成，发送0个预警
[定时任务] 执行进度检查 (3/23/2026, 5:47:33 PM)
[定时任务] 进度检查完成，发送0个预警
[定时任务] 执行进度检查 (3/23/2026, 5:52:33 PM)
[定时任务] 进度检查完成，发送0个预警
[定时任务] 执行进度检查 (3/23/2026, 5:57:33 PM)
[定时任务] 进度检查失败: 
[定时任务] 执行进度检查 (3/23/2026, 6:02:33 PM)
[定时任务] 进度检查失败: 
[定时任务] 执行进度检查 (3/23/2026, 6:07:33 PM)
[定时任务] 进度检查失败: 
[定时任务] 执行进度检查 (3/23/2026, 6:12:33 PM)
[定时任务] 进度检查失败: 
[定时任务] 执行进度检查 (3/23/2026, 6:17:33 PM)
[定时任务] 进度检查失败: 
[定时任务] 发送evening进度汇报 (3/23/2026, 6:22:33 PM)
[定时任务] 发送汇报失败: 
[定时任务] 执行进度检查 (3/23/2026, 6:22:33 PM)
[定时任务] 进度检查失败: 
[定时任务] 执行进度检查 (3/23/2026, 6:27:33 PM)
[定时任务] 进度检查失败: 
[定时任务] 执行进度检查 (3/23/2026, 6:32:33 PM)
[定时任务] 进度检查失败: 
[定时任务] 执行进度检查 (3/23/2026, 6:37:33 PM)
[定时任务] 进度检查失败: 
[定时任务] 执行进度检查 (3/23/2026, 6:42:33 PM)
[定时任务] 进度检查完成，发送0个预警
[定时任务] 执行进度检查 (3/23/2026, 6:47:33 PM)
[定时任务] 进度检查完成，发送0个预警
[定时任务] 执行进度检查 (3/23/2026, 6:52:33 PM)
[定时任务] 进度检查完成，发送0个预警
[定时任务] 执行进度检查 (3/23/2026, 6:57:33 PM)
[定时任务] 进度检查完成，发送0个预警
[定时任务] 执行进度检查 (3/23/2026, 7:02:33 PM)
[定时任务] 进度检查完成，发送0个预警
[定时任务] 执行进度检查 (3/23/2026, 7:07:33 PM)
[定时任务] 进度检查完成，发送0个预警
[定时任务] 执行进度检查 (3/23/2026, 7:12:33 PM)
[定时任务] 进度检查完成，发送0个预警
[定时任务] 执行进度检查 (3/23/2026, 7:17:33 PM)
[定时任务] 进度检查完成，发送0个预警
[定时任务] 执行进度检查 (3/23/2026, 7:22:33 PM)
[定时任务] 进度检查完成，发送0个预警
[定时任务] 执行进度检查 (3/23/2026, 7:27:33 PM)
[定时任务] 进度检查完成，发送0个预警
[定时任务] 执行进度检查 (3/23/2026, 7:32:33 PM)
[定时任务] 进度检查完成，发送0个预警
[定时任务] 执行进度检查 (3/23/2026, 7:37:33 PM)
[定时任务] 进度检查完成，发送0个预警
[定时任务] 执行进度检查 (3/23/2026, 7:42:33 PM)
[定时任务] 进度检查完成，发送0个预警
[定时任务] 执行进度检查 (3/23/2026, 7:47:33 PM)
[定时任务] 进度检查完成，发送0个预警
[定时任务] 发送evening进度汇报 (3/23/2026, 7:52:33 PM)
[定时任务] evening汇报已发送，通知0个任务
[定时任务] 执行进度检查 (3/23/2026, 7:52:33 PM)
[定时任务] 进度检查完成，发送0个预警
[定时任务] 执行进度检查 (3/23/2026, 7:57:33 PM)
[定时任务] 进度检查完成，发送0个预警
[定时任务] 执行进度检查 (3/23/2026, 8:02:33 PM)
[定时任务] 进度检查完成，发送0个预警
[定时任务] 执行进度检查 (3/23/2026, 8:07:33 PM)
[定时任务] 进度检查完成，发送0个预警
[定时任务] 执行进度检查 (3/23/2026, 8:12:33 PM)
[定时任务] 进度检查完成，发送0个预警
[定时任务] 执行进度检查 (3/23/2026, 8:17:33 PM)
[定时任务] 进度检查完成，发送0个预警
[定时任务] 执行进度检查 (3/23/2026, 8:22:33 PM)
[定时任务] 进度检查完成，发送0个预警
[定时任务] 执行进度检查 (3/23/2026, 8:27:33 PM)
[定时任务] 进度检查完成，发送0个预警
