[重试队列] 已启动，每 30 秒处理一次
[数据] 已加载 6 个任务，0 个子任务，0 条评论
[任务板] 加载看板数据成功，任务数：6
[定时任务] 启动每个 Agent 的定时抓取服务
[定时任务] 配置：检查间隔=300秒，通知窗口=86400秒
[定时任务] 成员列表：天枢, 匠心, 司库, 执矩, 磐石, 灵犀, 天策

[定时任务] 天枢: 开始查询新增任务
[定时任务] 天枢 的定时任务已启动（每300秒）

[定时任务] 匠心: 开始查询新增任务
[定时任务] 匠心 的定时任务已启动（每300秒）

[定时任务] 司库: 开始查询新增任务
[定时任务] 司库 的定时任务已启动（每300秒）

[定时任务] 执矩: 开始查询新增任务
[定时任务] 执矩 的定时任务已启动（每300秒）

[定时任务] 磐石: 开始查询新增任务
[定时任务] 磐石 的定时任务已启动（每300秒）

[定时任务] 灵犀: 开始查询新增任务
[定时任务] 灵犀 的定时任务已启动（每300秒）

[定时任务] 天策: 开始查询新增任务
[定时任务] 天策 的定时任务已启动（每300秒）
[定时任务] 所有成员的定时任务已启动

╔═══════════════════════════════════════════════════════════╗
║                                                           ║
║   BCE 北斗协同引擎 v3.4 进度管理增强版                      ║
║                                                           ║
║   HTTP: http://localhost:3000                          ║
║                                                           ║
║   核心功能：                                               ║
║   ✅ sessions_send 主通道                                  ║
║   ✅ 飞书卡片备用通道                                      ║
║   ✅ 文件系统邮箱可靠通道                                  ║
║   ✅ 规则引擎自动流转                                      ║
║   ✅ 通知重试队列（指数退避）                              ║
║   ✅ 幂等性检查                                            ║
║   ✅ 转交边界处理                                          ║
║   ✅ 强制进度反馈（30 分钟）                                ║
║   ✅ 标准化汇报（1.5 小时）                                 ║
║   ✅ 管理者权限系统                                        ║
║   ✅ 绩效绑定系统                                          ║
║                                                           ║
║   状态：http://localhost:3000/health                   ║
║                                                           ║
╚═══════════════════════════════════════════════════════════╝
    
[定时任务] 匠心: 没有待确认任务
[定时任务] 天枢: 没有待确认任务
[定时任务] 执矩: 没有待确认任务
[定时任务] 司库: 没有待确认任务
[定时任务] 灵犀: 没有待确认任务
[定时任务] 磐石: 没有待确认任务
[定时任务] 天策: 没有待确认任务
[进度 API] 开始检查进度，任务数: 6

[定时任务] 天枢: 开始查询新增任务

[定时任务] 匠心: 开始查询新增任务

[定时任务] 司库: 开始查询新增任务

[定时任务] 执矩: 开始查询新增任务

[定时任务] 磐石: 开始查询新增任务

[定时任务] 灵犀: 开始查询新增任务

[定时任务] 天策: 开始查询新增任务
[定时任务] 天枢: 没有待确认任务
[定时任务] 匠心: 没有待确认任务
[定时任务] 司库: 没有待确认任务
[定时任务] 执矩: 没有待确认任务
[定时任务] 磐石: 没有待确认任务
[定时任务] 灵犀: 没有待确认任务
[定时任务] 天策: 没有待确认任务

[定时任务] 天枢: 开始查询新增任务

[定时任务] 匠心: 开始查询新增任务

[定时任务] 司库: 开始查询新增任务

[定时任务] 执矩: 开始查询新增任务

[定时任务] 磐石: 开始查询新增任务

[定时任务] 灵犀: 开始查询新增任务

[定时任务] 天策: 开始查询新增任务
[定时任务] 天枢: 没有待确认任务
[定时任务] 匠心: 没有待确认任务
[定时任务] 司库: 没有待确认任务
[定时任务] 执矩: 没有待确认任务
[定时任务] 磐石: 没有待确认任务
[定时任务] 灵犀: 没有待确认任务
[定时任务] 天策: 没有待确认任务

[定时任务] 天枢: 开始查询新增任务

[定时任务] 匠心: 开始查询新增任务

[定时任务] 司库: 开始查询新增任务

[定时任务] 执矩: 开始查询新增任务

[定时任务] 磐石: 开始查询新增任务

[定时任务] 灵犀: 开始查询新增任务

[定时任务] 天策: 开始查询新增任务
[定时任务] 天枢: 没有待确认任务
[定时任务] 匠心: 没有待确认任务
[定时任务] 司库: 没有待确认任务
[定时任务] 执矩: 没有待确认任务
[定时任务] 磐石: 没有待确认任务
[定时任务] 灵犀: 没有待确认任务
[定时任务] 天策: 没有待确认任务
[进度 API] 开始检查进度，任务数: 6
[进度 API] 开始检查进度，任务数: 6

[定时任务] 天枢: 开始查询新增任务

[定时任务] 匠心: 开始查询新增任务

[定时任务] 司库: 开始查询新增任务

[定时任务] 执矩: 开始查询新增任务

[定时任务] 磐石: 开始查询新增任务

[定时任务] 灵犀: 开始查询新增任务

[定时任务] 天策: 开始查询新增任务
[定时任务] 天枢: 没有待确认任务
[定时任务] 匠心: 没有待确认任务
[定时任务] 司库: 没有待确认任务
[定时任务] 执矩: 没有待确认任务
[定时任务] 磐石: 没有待确认任务
[定时任务] 天策: 没有待确认任务
[定时任务] 灵犀: 没有待确认任务
[进度 API] 开始检查进度，任务数: 6
[通知] 开始三通道通知：匠心 <- 系统, 类型：progress_report
[通知] ✅ sessions_send 推送给 匠心 成功
[飞书] === 开始发送通知 ===
[飞书] task.assignee: "匠心" (类型：string)
[飞书] task.title: "📋 regular进度汇报"
[飞书] action: "undefined"
[飞书] ✅ 用户名 匠心 → user_id: ou_11b23f47253fc3551ffed488527c7740
[飞书] getUserIdByName("匠心") 返回：ou_11b23f47253fc3551ffed488527c7740
[飞书] 准备@的 user_id: ["ou_11b23f47253fc3551ffed488527c7740"]
[飞书] Token 获取成功，有效期: 3/23/2026, 5:58:08 PM
[飞书] 设置@用户: [ 'ou_11b23f47253fc3551ffed488527c7740' ]
[飞书] 发送消息: {
  chatId: 'oc_19be54b67684b6597ff335d7534896d4',
  msg_type: 'text',
  atUserIds: [ 'ou_11b23f47253fc3551ffed488527c7740' ],
  content_preview: '任务状态更新\n任务：📋 regular进度汇报\n负责人：匠心\n负责人是否已接收：❌ 待确认\n操作人'
}
[飞书] 消息发送成功: om_x100b533bb4830888c11879b8f6edcc3
[通知] ✅ 飞书卡片推送给 匠心 成功
[邮箱] 发送消息给 匠心 (目录：jiangxin), 类型：progress_report
[邮箱] 消息已存入 匠心 的邮箱：msg-1774256037223
[进度汇报] 已发送regular汇报提醒，任务：b931a6f1-05d8-4772-8b86-8144edd9d507
[通知] 开始三通道通知：磐石 <- 系统, 类型：progress_report
[通知] ✅ sessions_send 推送给 磐石 成功
[飞书] === 开始发送通知 ===
[飞书] task.assignee: "磐石" (类型：string)
[飞书] task.title: "📋 regular进度汇报"
[飞书] action: "undefined"
[飞书] ✅ 用户名 磐石 → user_id: ou_dba586c77d92f652e427370d3f54cc54
[飞书] getUserIdByName("磐石") 返回：ou_dba586c77d92f652e427370d3f54cc54
[飞书] 准备@的 user_id: ["ou_dba586c77d92f652e427370d3f54cc54"]
[飞书] 设置@用户: [ 'ou_dba586c77d92f652e427370d3f54cc54' ]
[飞书] 发送消息: {
  chatId: 'oc_19be54b67684b6597ff335d7534896d4',
  msg_type: 'text',
  atUserIds: [ 'ou_dba586c77d92f652e427370d3f54cc54' ],
  content_preview: '任务状态更新\n任务：📋 regular进度汇报\n负责人：磐石\n负责人是否已接收：❌ 待确认\n操作人'
}
[飞书] 消息发送成功: om_x100b533bb4958480c2d480a067363c7
[通知] ✅ 飞书卡片推送给 磐石 成功
[邮箱] 发送消息给 磐石 (目录：panshi), 类型：progress_report
[邮箱] 消息已存入 磐石 的邮箱：msg-1774256037840
[进度汇报] 已发送regular汇报提醒，任务：ff4d8a39-8701-4a30-ad81-e3fedb4d7cec
[通知] 开始三通道通知：匠心 <- 系统, 类型：progress_report
[通知] ✅ sessions_send 推送给 匠心 成功
[飞书] === 开始发送通知 ===
[飞书] task.assignee: "匠心" (类型：string)
[飞书] task.title: "📋 regular进度汇报"
[飞书] action: "undefined"
[飞书] ✅ 用户名 匠心 → user_id: ou_11b23f47253fc3551ffed488527c7740
[飞书] getUserIdByName("匠心") 返回：ou_11b23f47253fc3551ffed488527c7740
[飞书] 准备@的 user_id: ["ou_11b23f47253fc3551ffed488527c7740"]
[飞书] 设置@用户: [ 'ou_11b23f47253fc3551ffed488527c7740' ]
[飞书] 发送消息: {
  chatId: 'oc_19be54b67684b6597ff335d7534896d4',
  msg_type: 'text',
  atUserIds: [ 'ou_11b23f47253fc3551ffed488527c7740' ],
  content_preview: '任务状态更新\n任务：📋 regular进度汇报\n负责人：匠心\n负责人是否已接收：❌ 待确认\n操作人'
}
[飞书] 消息发送成功: om_x100b533bb4af08b4c10f102b05b9b40
[通知] ✅ 飞书卡片推送给 匠心 成功
[邮箱] 发送消息给 匠心 (目录：jiangxin), 类型：progress_report
[邮箱] 消息已存入 匠心 的邮箱：msg-1774256038450
[进度汇报] 已发送regular汇报提醒，任务：945d3388-2207-482b-a226-296a16015042
[通知] 开始三通道通知：磐石 <- 系统, 类型：progress_report
[通知] ✅ sessions_send 推送给 磐石 成功
[飞书] === 开始发送通知 ===
[飞书] task.assignee: "磐石" (类型：string)
[飞书] task.title: "📋 regular进度汇报"
[飞书] action: "undefined"
[飞书] ✅ 用户名 磐石 → user_id: ou_dba586c77d92f652e427370d3f54cc54
[飞书] getUserIdByName("磐石") 返回：ou_dba586c77d92f652e427370d3f54cc54
[飞书] 准备@的 user_id: ["ou_dba586c77d92f652e427370d3f54cc54"]
[飞书] 设置@用户: [ 'ou_dba586c77d92f652e427370d3f54cc54' ]
[飞书] 发送消息: {
  chatId: 'oc_19be54b67684b6597ff335d7534896d4',
  msg_type: 'text',
  atUserIds: [ 'ou_dba586c77d92f652e427370d3f54cc54' ],
  content_preview: '任务状态更新\n任务：📋 regular进度汇报\n负责人：磐石\n负责人是否已接收：❌ 待确认\n操作人'
}
[飞书] 消息发送成功: om_x100b533bb4a1dcb0c2b982c0e3a20ce
[通知] ✅ 飞书卡片推送给 磐石 成功
[邮箱] 发送消息给 磐石 (目录：panshi), 类型：progress_report
[邮箱] 消息已存入 磐石 的邮箱：msg-1774256039039
[进度汇报] 已发送regular汇报提醒，任务：77fd5bf8-9036-41d4-b286-8cadbdda7104
[通知] 开始三通道通知：磐石 <- 系统, 类型：progress_report
[通知] ✅ sessions_send 推送给 磐石 成功
[飞书] === 开始发送通知 ===
[飞书] task.assignee: "磐石" (类型：string)
[飞书] task.title: "📋 regular进度汇报"
[飞书] action: "undefined"
[飞书] ✅ 用户名 磐石 → user_id: ou_dba586c77d92f652e427370d3f54cc54
[飞书] getUserIdByName("磐石") 返回：ou_dba586c77d92f652e427370d3f54cc54
[飞书] 准备@的 user_id: ["ou_dba586c77d92f652e427370d3f54cc54"]
[飞书] 设置@用户: [ 'ou_dba586c77d92f652e427370d3f54cc54' ]
[飞书] 发送消息: {
  chatId: 'oc_19be54b67684b6597ff335d7534896d4',
  msg_type: 'text',
  atUserIds: [ 'ou_dba586c77d92f652e427370d3f54cc54' ],
  content_preview: '任务状态更新\n任务：📋 regular进度汇报\n负责人：磐石\n负责人是否已接收：❌ 待确认\n操作人'
}
[飞书] 消息发送成功: om_x100b533bb4b880a4c443372ec28dafd
[通知] ✅ 飞书卡片推送给 磐石 成功
[邮箱] 发送消息给 磐石 (目录：panshi), 类型：progress_report
[邮箱] 消息已存入 磐石 的邮箱：msg-1774256039567
[进度汇报] 已发送regular汇报提醒，任务：69cd6603-85fd-4c12-8f40-d710cc74466c
[通知] 开始三通道通知：司库 <- 系统, 类型：progress_report
[通知] ✅ sessions_send 推送给 司库 成功
[飞书] === 开始发送通知 ===
[飞书] task.assignee: "司库" (类型：string)
[飞书] task.title: "📋 regular进度汇报"
[飞书] action: "undefined"
[飞书] ✅ 用户名 司库 → user_id: ou_998d07ddc86ad7ba9d4dd12dddc55cc6
[飞书] getUserIdByName("司库") 返回：ou_998d07ddc86ad7ba9d4dd12dddc55cc6
[飞书] 准备@的 user_id: ["ou_998d07ddc86ad7ba9d4dd12dddc55cc6"]
[飞书] 设置@用户: [ 'ou_998d07ddc86ad7ba9d4dd12dddc55cc6' ]
[飞书] 发送消息: {
  chatId: 'oc_19be54b67684b6597ff335d7534896d4',
  msg_type: 'text',
  atUserIds: [ 'ou_998d07ddc86ad7ba9d4dd12dddc55cc6' ],
  content_preview: '任务状态更新\n任务：📋 regular进度汇报\n负责人：司库\n负责人是否已接收：❌ 待确认\n操作人'
}
[飞书] 消息发送成功: om_x100b533bb4b014b0c42267b8033ca02
[通知] ✅ 飞书卡片推送给 司库 成功
[邮箱] 发送消息给 司库 (目录：siku), 类型：progress_report
[邮箱] 消息已存入 司库 的邮箱：msg-1774256040126
[进度汇报] 已发送regular汇报提醒，任务：4c9a5be9-7e10-4267-bdf5-7211f526a792
[进度 API] 开始检查进度，任务数: 6

[定时任务] 天枢: 开始查询新增任务

[定时任务] 匠心: 开始查询新增任务

[定时任务] 司库: 开始查询新增任务

[定时任务] 执矩: 开始查询新增任务

[定时任务] 磐石: 开始查询新增任务

[定时任务] 灵犀: 开始查询新增任务

[定时任务] 天策: 开始查询新增任务
[定时任务] 天枢: 没有待确认任务
[定时任务] 匠心: 没有待确认任务
[定时任务] 司库: 没有待确认任务
[定时任务] 执矩: 没有待确认任务
[定时任务] 磐石: 没有待确认任务
[定时任务] 灵犀: 没有待确认任务
[定时任务] 天策: 没有待确认任务
[进度 API] 开始检查进度，任务数: 6
