[重试队列] 已启动，每 30 秒处理一次
[数据] 已加载 7 个任务，0 个子任务，0 条评论
[任务板] 加载看板数据成功，任务数：6
[定时任务] 启动每个 Agent 的定时抓取服务
[定时任务] 配置：检查间隔=300秒，通知窗口=86400秒
[定时任务] 成员列表：天枢, 匠心, 司库, 执矩, 磐石, 灵犀, 天策

[定时任务] 天枢: 开始查询待确认任务
[getTasks] 开始查询 BCE API...
[定时任务] 天枢 的定时任务已启动（每300秒）

[定时任务] 匠心: 开始查询待确认任务
[getTasks] 开始查询 BCE API...
[定时任务] 匠心 的定时任务已启动（每300秒）

[定时任务] 司库: 开始查询待确认任务
[getTasks] 开始查询 BCE API...
[定时任务] 司库 的定时任务已启动（每300秒）

[定时任务] 执矩: 开始查询待确认任务
[getTasks] 开始查询 BCE API...
[定时任务] 执矩 的定时任务已启动（每300秒）

[定时任务] 磐石: 开始查询待确认任务
[getTasks] 开始查询 BCE API...
[定时任务] 磐石 的定时任务已启动（每300秒）

[定时任务] 灵犀: 开始查询待确认任务
[getTasks] 开始查询 BCE API...
[定时任务] 灵犀 的定时任务已启动（每300秒）

[定时任务] 天策: 开始查询待确认任务
[getTasks] 开始查询 BCE API...
[定时任务] 天策 的定时任务已启动（每300秒）
[定时任务] 所有成员的定时任务已启动
[BCE] 服务启动失败: Error: listen EADDRINUSE: address already in use :::3000
    at Server.setupListenHandle [as _listen2] (node:net:2008:16)
    at listenInCluster (node:net:2065:12)
    at Server.listen (node:net:2170:7)
    at app.listen (/Users/ai/.openclaw/workspace-jiangxin/匠心工作区/代码仓库/BCE-Project/node_modules/express/lib/application.js:635:24)
    at start (/Users/ai/.openclaw/workspace-jiangxin/匠心工作区/代码仓库/BCE-Project/src/index.js:118:22)
    at Object.<anonymous> (/Users/ai/.openclaw/workspace-jiangxin/匠心工作区/代码仓库/BCE-Project/src/index.js:169:1)
    at Module._compile (node:internal/modules/cjs/loader:1831:14)
    at Module._extensions..js (node:internal/modules/cjs/loader:1971:10)
    at Module.load (node:internal/modules/cjs/loader:1552:32)
    at Module._load (node:internal/modules/cjs/loader:1354:12) {
  code: 'EADDRINUSE',
  errno: -48,
  syscall: 'listen',
  address: '::',
  port: 3000
}
