[重试队列] 已启动，每 30 秒处理一次
[数据] 已加载 209 个任务，0 个子任务，0 条评论
[定时任务] 启动每个 Agent 的定时抓取服务
[定时任务] 配置：检查间隔=300秒，通知窗口=86400秒
[定时任务] 成员列表：天枢, 匠心, 司库, 执矩, 磐石, 灵犀, 天策

[定时任务] 天枢: 开始查询新增任务
[定时任务] 天枢 的定时任务已启动（每300秒）

[定时任务] 匠心: 开始查询新增任务
[定时任务] 匠心 的定时任务已启动（每300秒）

[定时任务] 司库: 开始查询新增任务
[定时任务] 司库 的定时任务已启动（每300秒）

[定时任务] 执矩: 开始查询新增任务
[定时任务] 执矩 的定时任务已启动（每300秒）

[定时任务] 磐石: 开始查询新增任务
[定时任务] 磐石 的定时任务已启动（每300秒）

[定时任务] 灵犀: 开始查询新增任务
[定时任务] 灵犀 的定时任务已启动（每300秒）

[定时任务] 天策: 开始查询新增任务
[定时任务] 天策 的定时任务已启动（每300秒）
[定时任务] 所有成员的定时任务已启动

╔═══════════════════════════════════════════════════════════╗
║                                                           ║
║   BCE 北斗协同引擎 v3.2 最终版                              ║
║                                                           ║
║   HTTP: http://localhost:3000                          ║
║                                                           ║
║   核心功能：                                               ║
║   ✅ sessions_send 主通道                                  ║
║   ✅ 飞书卡片备用通道                                      ║
║   ✅ 文件系统邮箱可靠通道                                  ║
║   ✅ 规则引擎自动流转                                      ║
║   ✅ 通知重试队列（指数退避）                              ║
║   ✅ 幂等性检查                                            ║
║   ✅ 转交边界处理                                          ║
║                                                           ║
║   状态：http://localhost:3000/health                   ║
║                                                           ║
╚═══════════════════════════════════════════════════════════╝
    
[唤醒] 匠心 - 🧪 定时任务测试 - 匠心 - 第4级唤醒（已过去34分钟）
[唤醒] 天枢 - 🧪 定时任务测试 - 天枢 - 第4级唤醒（已过去34分钟）
[唤醒] 执矩 - 🧪 定时任务测试 - 执矩 - 第4级唤醒（已过去34分钟）
[唤醒] 司库 - 🧪 定时任务测试 - 司库 - 第4级唤醒（已过去34分钟）
[唤醒] 灵犀 - 🧪 定时任务测试 - 灵犀 - 第4级唤醒（已过去34分钟）
[唤醒] 磐石 - 🧪 定时任务测试 - 磐石 - 第4级唤醒（已过去34分钟）
[唤醒] 天策 - 🧪 定时任务测试 - 天策 - 第4级唤醒（已过去34分钟）
[定时任务] 飞书消息发送成功：om_x100b54d82010eca0b386f2aa5cd072a
[唤醒] 匠心: 第 4 级唤醒（通知创建人）已发送
[唤醒] 匠心 - 📚 BCE v3.2 系统培训 - 匠心 - 第4级唤醒（已过去322分钟）
[定时任务] 飞书消息发送成功：om_x100b54d8201020a0b37f718f7fb1e5b
[唤醒] 司库: 第 4 级唤醒（通知创建人）已发送
[唤醒] 司库 - 📚 BCE v3.2 系统培训 - 司库 - 第4级唤醒（已过去322分钟）
[定时任务] 飞书消息发送成功：om_x100b54d820105ca4b49841b01ffbfc0
[唤醒] 灵犀: 第 4 级唤醒（通知创建人）已发送
[唤醒] 灵犀 - 📚 BCE v3.2 系统培训 - 灵犀 - 第4级唤醒（已过去322分钟）
[定时任务] 飞书消息发送成功：om_x100b54d820107d38b3c0291f8d88026
[唤醒] 执矩: 第 4 级唤醒（通知创建人）已发送
[唤醒] 执矩 - 📚 BCE v3.2 系统培训 - 执矩 - 第4级唤醒（已过去322分钟）
[定时任务] 飞书消息发送成功：om_x100b54d82013e8a0b3b486641244bb9
[唤醒] 天策: 第 4 级唤醒（通知创建人）已发送
[唤醒] 天策 - 📚 BCE v3.2 系统培训 - 天策 - 第4级唤醒（已过去322分钟）
[定时任务] 飞书消息发送成功：om_x100b54d8201044a0b3b0922d1bb7f8f
[唤醒] 天枢: 第 4 级唤醒（通知创建人）已发送
[唤醒] 天枢 - 🧪 定时任务测试 - 天枢 - 第4级唤醒（已过去77分钟）
[定时任务] 飞书消息发送成功：om_x100b54d8202de0acb3f860d98de130f
[唤醒] 磐石: 第 4 级唤醒（通知创建人）已发送
[唤醒] 磐石 - 📚 BCE v3.2 系统培训 - 磐石 - 第4级唤醒（已过去322分钟）
[定时任务] 飞书消息发送成功：om_x100b54d8202928a0b3d028939ded187
[唤醒] 匠心: 第 4 级唤醒（通知创建人）已发送
[唤醒] 匠心 - 【全员测试】匠心的任务通知测试 - 第4级唤醒（已过去981分钟）
[定时任务] 飞书消息发送成功：om_x100b54d8202944a0b495c86992c072a
[唤醒] 司库: 第 4 级唤醒（通知创建人）已发送
[唤醒] 司库 - 【全员测试】司库的任务通知测试 - 第4级唤醒（已过去981分钟）
[定时任务] 飞书消息发送成功：om_x100b54d8202924a4b2262368d1123f8
[唤醒] 天策: 第 4 级唤醒（通知创建人）已发送
[唤醒] 天策 - 【全员测试】天策的任务通知测试 - 第4级唤醒（已过去981分钟）
[定时任务] 飞书消息发送成功：om_x100b54d820297ca0b3698e60457e5b0
[唤醒] 灵犀: 第 4 级唤醒（通知创建人）已发送
[唤醒] 灵犀 - 【全员测试】灵犀的任务通知测试 - 第4级唤醒（已过去981分钟）
[定时任务] 飞书消息发送成功：om_x100b54d82028b8a4b4c5629e9b06938
[唤醒] 执矩: 第 4 级唤醒（通知创建人）已发送
[唤醒] 执矩 - 【全员测试】执矩的任务通知测试 - 第4级唤醒（已过去981分钟）
[定时任务] 飞书消息发送成功：om_x100b54d82028c8a4b36d1f9bb22daff
[唤醒] 天枢: 第 4 级唤醒（通知创建人）已发送
[唤醒] 天枢 - 🧪 定时任务测试 - 天枢 - 第4级唤醒（已过去77分钟）
[定时任务] 飞书消息发送成功：om_x100b54d8202b70a4b3737d0baa18aa6
[唤醒] 磐石: 第 4 级唤醒（通知创建人）已发送
[唤醒] 磐石 - 磐石最终验证测试 - 三通道通知 - 第4级唤醒（已过去565分钟）
[定时任务] 飞书消息发送成功：om_x100b54d8202750a0b4c9e796c26148d
[唤醒] 匠心: 第 4 级唤醒（通知创建人）已发送
[定时任务] 匠心: 唤醒检查完成
[定时任务] 飞书消息发送成功：om_x100b54d82026a0a8b344aa5bbe08970
[唤醒] 灵犀: 第 4 级唤醒（通知创建人）已发送
[定时任务] 灵犀: 唤醒检查完成
[定时任务] 飞书消息发送成功：om_x100b54d82026f8a4b2d36b2f824adf2
[唤醒] 司库: 第 4 级唤醒（通知创建人）已发送
[定时任务] 司库: 唤醒检查完成
[定时任务] 飞书消息发送成功：om_x100b54d8202670a0b10460b50252d6f
[唤醒] 天枢: 第 4 级唤醒（通知创建人）已发送
[唤醒] 天枢 - 📚 BCE v3.2 系统培训 - 天枢 - 第4级唤醒（已过去322分钟）
[定时任务] 飞书消息发送成功：om_x100b54d82021946cb3cc8b3da87ba26
[唤醒] 天策: 第 4 级唤醒（通知创建人）已发送
[定时任务] 天策: 唤醒检查完成
[定时任务] 飞书消息发送成功：om_x100b54d8202188acb381db3106aa181
[唤醒] 执矩: 第 4 级唤醒（通知创建人）已发送
[定时任务] 执矩: 唤醒检查完成
[定时任务] 飞书消息发送成功：om_x100b54d82020d4a8b3b786bd5e675d2
[唤醒] 磐石: 第 4 级唤醒（通知创建人）已发送
[唤醒] 磐石 - 磐石最终验证测试 - 三通道通知 - 第4级唤醒（已过去567分钟）
[定时任务] 飞书消息发送成功：om_x100b54d8203f04a8b242cf538b72bf8
[唤醒] 天枢: 第 4 级唤醒（通知创建人）已发送
[唤醒] 天枢 - 磐石测试 - 循环转交检测 - 第4级唤醒（已过去600分钟）
[定时任务] 飞书消息发送成功：om_x100b54d8203a54acb49e25e72f5a5bb
[唤醒] 磐石: 第 4 级唤醒（通知创建人）已发送
[唤醒] 磐石 - 磐石最终验收测试 - 第4级唤醒（已过去587分钟）
[定时任务] 飞书消息发送成功：om_x100b54d8203534acb4a2db57a5d9ff8
[唤醒] 天枢: 第 4 级唤醒（通知创建人）已发送
[唤醒] 天枢 - 【全员测试】天枢的任务通知测试 - 第4级唤醒（已过去981分钟）
[定时任务] 天枢: 查询失败: This operation triggers the frequency limit, ext=chat rate limit
[定时任务] 飞书消息发送成功：om_x100b54d82033d4a4b4c0cecd64a02fc
[唤醒] 磐石: 第 4 级唤醒（通知创建人）已发送
[唤醒] 磐石 - 磐石测试 3 - 邮箱验证 - 第4级唤醒（已过去597分钟）
[定时任务] 磐石: 查询失败: This operation triggers the frequency limit, ext=chat rate limit
[数据] 已保存 210 个任务
[审计] CREATE_TASK - 匠心 操作 task:a6537c15-1273-4bd2-8ec4-f76fb8991bf2
[BCE 任务] 创建任务：a6537c15-1273-4bd2-8ec4-f76fb8991bf2, 标题：🔧 三通道通知修复测试, 创建人：匠心
[通知] 开始三通道通知：匠心 <- 匠心, 类型：task_created
[通知] ✅ sessions_send 推送给 匠心 成功
[飞书] === 开始发送通知 ===
[飞书] task.assignee: "匠心" (类型：string)
[飞书] task.title: "📋 新任务分配：🔧 三通道通知修复测试"
[飞书] action: "undefined"
[飞书] ✅ 用户名 匠心 → user_id: ou_11b23f47253fc3551ffed488527c7740
[飞书] getUserIdByName("匠心") 返回：ou_11b23f47253fc3551ffed488527c7740
[飞书] 准备@的 user_id: ["ou_11b23f47253fc3551ffed488527c7740"]
[飞书] Token 获取成功，有效期: 3/22/2026, 1:08:19 AM
[飞书] 设置@用户: [ 'ou_11b23f47253fc3551ffed488527c7740' ]
[飞书] 发送消息: {
  chatId: 'oc_19be54b67684b6597ff335d7534896d4',
  msg_type: 'text',
  atUserIds: [ 'ou_11b23f47253fc3551ffed488527c7740' ],
  content_preview: '任务状态更新\n任务：📋 新任务分配：🔧 三通道通知修复测试\n负责人：匠心\n负责人是否已接收：❌ '
}
[飞书] 消息发送成功: om_x100b54d82158d0a4b3b8d887139948c
[通知] ✅ 飞书卡片推送给 匠心 成功
[邮箱] 发送消息给 匠心 (目录：jiangxin), 类型：task_created
[邮箱] 消息已存入 匠心 的邮箱：msg-1774110457541
[任务创建] 三通道通知已发送给 匠心

[定时任务] 天枢: 开始查询新增任务

[定时任务] 匠心: 开始查询新增任务

[定时任务] 司库: 开始查询新增任务

[定时任务] 执矩: 开始查询新增任务

[定时任务] 磐石: 开始查询新增任务

[定时任务] 灵犀: 开始查询新增任务

[定时任务] 天策: 开始查询新增任务
[唤醒] 天枢 - 【全员测试】天枢的任务通知测试 - 第4级唤醒（已过去986分钟）
[唤醒] 匠心 - 🔧 三通道通知修复测试 - 第1级唤醒（已过去4分钟）
[定时任务] 司库: 唤醒检查完成
[定时任务] 执矩: 唤醒检查完成
[唤醒] 磐石 - 磐石测试 3 - 邮箱验证 - 第4级唤醒（已过去602分钟）
[定时任务] 灵犀: 唤醒检查完成
[定时任务] 天策: 唤醒检查完成
[定时任务] 飞书消息发送成功：om_x100b54d8cf51c8a0b368c0aa1850b95
[唤醒] 磐石: 第 4 级唤醒（通知创建人）已发送
[唤醒] 磐石 - 磐石测试 2 - 第4级唤醒（已过去603分钟）
[定时任务] 飞书消息发送成功：om_x100b54d8cf51aca4b2824038338b70c
[唤醒] 天枢: 第 4 级唤醒（通知创建人）已发送
[定时任务] 天枢: 唤醒检查完成
[定时任务] 飞书消息发送成功：om_x100b54d8cf51bca4b27967ee4769a18
[唤醒] 匠心: 第 1 级唤醒（群@通知）已发送
[定时任务] 匠心: 唤醒检查完成
[定时任务] 飞书消息发送成功：om_x100b54d8cf69c8a0b271f6e3325a5b8
[唤醒] 磐石: 第 4 级唤醒（通知创建人）已发送
[唤醒] 磐石 - 磐石测试任务 - 三通道通知验证 - 第4级唤醒（已过去622分钟）
[定时任务] 飞书消息发送成功：om_x100b54d8cf66aca4b493b6bc559f3b7
[唤醒] 磐石: 第 4 级唤醒（通知创建人）已发送
[唤醒] 磐石 - 【全员测试】磐石的任务通知测试 - 第4级唤醒（已过去986分钟）
[定时任务] 飞书消息发送成功：om_x100b54d8cf7fc4a4b35029d421eedf4
[唤醒] 磐石: 第 4 级唤醒（通知创建人）已发送
[唤醒] 磐石 - 【测试】磐石任务通知测试 - 第4级唤醒（已过去990分钟）
[定时任务] 飞书消息发送成功：om_x100b54d8cf7538a0b3fd331475d53d0
[唤醒] 磐石: 第 4 级唤醒（通知创建人）已发送
[定时任务] 磐石: 唤醒检查完成

[定时任务] 天枢: 开始查询新增任务

[定时任务] 匠心: 开始查询新增任务

[定时任务] 司库: 开始查询新增任务

[定时任务] 执矩: 开始查询新增任务

[定时任务] 磐石: 开始查询新增任务

[定时任务] 灵犀: 开始查询新增任务

[定时任务] 天策: 开始查询新增任务
[定时任务] 天枢: 唤醒检查完成
[唤醒] 匠心 - 🔧 三通道通知修复测试 - 第2级唤醒（已过去9分钟）
[定时任务] 司库: 唤醒检查完成
[定时任务] 执矩: 唤醒检查完成
[定时任务] 磐石: 唤醒检查完成
[定时任务] 灵犀: 唤醒检查完成
[定时任务] 天策: 唤醒检查完成
[定时任务] 飞书消息发送成功：om_x100b54d8da91b06cb33fa028e095079
[唤醒] 匠心: 第 2 级唤醒（群@强提醒）已发送
[定时任务] 匠心: 唤醒检查完成

[定时任务] 天枢: 开始查询新增任务

[定时任务] 匠心: 开始查询新增任务

[定时任务] 司库: 开始查询新增任务

[定时任务] 执矩: 开始查询新增任务

[定时任务] 磐石: 开始查询新增任务

[定时任务] 灵犀: 开始查询新增任务

[定时任务] 天策: 开始查询新增任务
[定时任务] 天枢: 唤醒检查完成
[唤醒] 匠心 - 🔧 三通道通知修复测试 - 第3级唤醒（已过去14分钟）
[定时任务] 司库: 唤醒检查完成
[定时任务] 磐石: 唤醒检查完成
[定时任务] 灵犀: 唤醒检查完成
[定时任务] 执矩: 唤醒检查完成
[定时任务] 天策: 唤醒检查完成
[定时任务] 飞书消息发送成功：om_x100b54d8e9d1f8a0b3f8089f541d4ea
[唤醒] 匠心: 第 3 级唤醒（群@紧急）已发送
[定时任务] 匠心: 唤醒检查完成

[定时任务] 天枢: 开始查询新增任务

[定时任务] 匠心: 开始查询新增任务

[定时任务] 司库: 开始查询新增任务

[定时任务] 执矩: 开始查询新增任务

[定时任务] 磐石: 开始查询新增任务

[定时任务] 灵犀: 开始查询新增任务

[定时任务] 天策: 开始查询新增任务
[定时任务] 天枢: 唤醒检查完成
[唤醒] 匠心 - 🔧 三通道通知修复测试 - 第4级唤醒（已过去19分钟）
[定时任务] 司库: 唤醒检查完成
[定时任务] 执矩: 唤醒检查完成
[定时任务] 磐石: 唤醒检查完成
[定时任务] 灵犀: 唤醒检查完成
[定时任务] 天策: 唤醒检查完成
[定时任务] 飞书消息发送成功：om_x100b54d8f711ad30b3fd28bb67c8e2c
[唤醒] 匠心: 第 4 级唤醒（通知创建人）已发送
[定时任务] 匠心: 唤醒检查完成

[定时任务] 天枢: 开始查询新增任务

[定时任务] 匠心: 开始查询新增任务

[定时任务] 司库: 开始查询新增任务

[定时任务] 执矩: 开始查询新增任务

[定时任务] 磐石: 开始查询新增任务

[定时任务] 灵犀: 开始查询新增任务

[定时任务] 天策: 开始查询新增任务
[定时任务] 天枢: 唤醒检查完成
[定时任务] 匠心: 唤醒检查完成
[定时任务] 司库: 唤醒检查完成
[定时任务] 磐石: 唤醒检查完成
[定时任务] 执矩: 唤醒检查完成
[定时任务] 灵犀: 唤醒检查完成
[定时任务] 天策: 唤醒检查完成

[定时任务] 天枢: 开始查询新增任务

[定时任务] 匠心: 开始查询新增任务

[定时任务] 司库: 开始查询新增任务

[定时任务] 执矩: 开始查询新增任务

[定时任务] 磐石: 开始查询新增任务

[定时任务] 灵犀: 开始查询新增任务

[定时任务] 天策: 开始查询新增任务
[定时任务] 天枢: 唤醒检查完成
[定时任务] 匠心: 唤醒检查完成
[定时任务] 司库: 唤醒检查完成
[定时任务] 执矩: 唤醒检查完成
[定时任务] 磐石: 唤醒检查完成
[定时任务] 灵犀: 唤醒检查完成
[定时任务] 天策: 唤醒检查完成

[定时任务] 天枢: 开始查询新增任务

[定时任务] 匠心: 开始查询新增任务

[定时任务] 司库: 开始查询新增任务

[定时任务] 执矩: 开始查询新增任务

[定时任务] 磐石: 开始查询新增任务

[定时任务] 灵犀: 开始查询新增任务

[定时任务] 天策: 开始查询新增任务
[定时任务] 天枢: 唤醒检查完成
[定时任务] 匠心: 唤醒检查完成
[定时任务] 司库: 唤醒检查完成
[定时任务] 磐石: 唤醒检查完成
[定时任务] 执矩: 唤醒检查完成
[定时任务] 灵犀: 唤醒检查完成
[定时任务] 天策: 唤醒检查完成

[定时任务] 天枢: 开始查询新增任务

[定时任务] 匠心: 开始查询新增任务

[定时任务] 司库: 开始查询新增任务

[定时任务] 执矩: 开始查询新增任务

[定时任务] 磐石: 开始查询新增任务

[定时任务] 灵犀: 开始查询新增任务

[定时任务] 天策: 开始查询新增任务
[定时任务] 天枢: 唤醒检查完成
[定时任务] 匠心: 唤醒检查完成
[定时任务] 司库: 唤醒检查完成
[定时任务] 执矩: 唤醒检查完成
[定时任务] 磐石: 唤醒检查完成
[定时任务] 灵犀: 唤醒检查完成
[定时任务] 天策: 唤醒检查完成

[定时任务] 天枢: 开始查询新增任务

[定时任务] 匠心: 开始查询新增任务

[定时任务] 司库: 开始查询新增任务

[定时任务] 执矩: 开始查询新增任务

[定时任务] 磐石: 开始查询新增任务

[定时任务] 灵犀: 开始查询新增任务

[定时任务] 天策: 开始查询新增任务
[定时任务] 天枢: 唤醒检查完成
[定时任务] 匠心: 唤醒检查完成
[定时任务] 司库: 唤醒检查完成
[定时任务] 执矩: 唤醒检查完成
[定时任务] 灵犀: 唤醒检查完成
[定时任务] 磐石: 唤醒检查完成
[定时任务] 天策: 唤醒检查完成

[定时任务] 天枢: 开始查询新增任务

[定时任务] 匠心: 开始查询新增任务

[定时任务] 司库: 开始查询新增任务

[定时任务] 执矩: 开始查询新增任务

[定时任务] 磐石: 开始查询新增任务

[定时任务] 灵犀: 开始查询新增任务

[定时任务] 天策: 开始查询新增任务
[定时任务] 天枢: 唤醒检查完成
[定时任务] 匠心: 唤醒检查完成
[定时任务] 司库: 唤醒检查完成
[定时任务] 执矩: 唤醒检查完成
[定时任务] 磐石: 唤醒检查完成
[定时任务] 灵犀: 唤醒检查完成
[定时任务] 天策: 唤醒检查完成

[定时任务] 天枢: 开始查询新增任务

[定时任务] 匠心: 开始查询新增任务

[定时任务] 司库: 开始查询新增任务

[定时任务] 执矩: 开始查询新增任务

[定时任务] 磐石: 开始查询新增任务

[定时任务] 灵犀: 开始查询新增任务

[定时任务] 天策: 开始查询新增任务
[定时任务] 天枢: 唤醒检查完成
[定时任务] 匠心: 唤醒检查完成
[定时任务] 司库: 唤醒检查完成
[定时任务] 执矩: 唤醒检查完成
[定时任务] 磐石: 唤醒检查完成
[定时任务] 天策: 唤醒检查完成
[定时任务] 灵犀: 唤醒检查完成

[定时任务] 天枢: 开始查询新增任务

[定时任务] 匠心: 开始查询新增任务

[定时任务] 司库: 开始查询新增任务

[定时任务] 执矩: 开始查询新增任务

[定时任务] 磐石: 开始查询新增任务

[定时任务] 灵犀: 开始查询新增任务

[定时任务] 天策: 开始查询新增任务
[定时任务] 天枢: 唤醒检查完成
[定时任务] 匠心: 唤醒检查完成
[定时任务] 司库: 唤醒检查完成
[定时任务] 磐石: 唤醒检查完成
[定时任务] 执矩: 唤醒检查完成
[定时任务] 天策: 唤醒检查完成
[定时任务] 灵犀: 唤醒检查完成

[定时任务] 天枢: 开始查询新增任务

[定时任务] 匠心: 开始查询新增任务

[定时任务] 司库: 开始查询新增任务

[定时任务] 执矩: 开始查询新增任务

[定时任务] 磐石: 开始查询新增任务

[定时任务] 灵犀: 开始查询新增任务

[定时任务] 天策: 开始查询新增任务
[定时任务] 天枢: 唤醒检查完成
[定时任务] 匠心: 唤醒检查完成
[定时任务] 司库: 唤醒检查完成
[定时任务] 执矩: 唤醒检查完成
[定时任务] 磐石: 唤醒检查完成
[定时任务] 灵犀: 唤醒检查完成
[定时任务] 天策: 唤醒检查完成

[定时任务] 天枢: 开始查询新增任务

[定时任务] 匠心: 开始查询新增任务

[定时任务] 司库: 开始查询新增任务

[定时任务] 执矩: 开始查询新增任务

[定时任务] 磐石: 开始查询新增任务

[定时任务] 灵犀: 开始查询新增任务

[定时任务] 天策: 开始查询新增任务
[定时任务] 天枢: 唤醒检查完成
[定时任务] 匠心: 唤醒检查完成
[定时任务] 司库: 唤醒检查完成
[定时任务] 执矩: 唤醒检查完成
[定时任务] 磐石: 唤醒检查完成
[定时任务] 灵犀: 唤醒检查完成
[定时任务] 天策: 唤醒检查完成

[定时任务] 天枢: 开始查询新增任务

[定时任务] 匠心: 开始查询新增任务

[定时任务] 司库: 开始查询新增任务

[定时任务] 执矩: 开始查询新增任务

[定时任务] 磐石: 开始查询新增任务

[定时任务] 灵犀: 开始查询新增任务

[定时任务] 天策: 开始查询新增任务
[定时任务] 天枢: 唤醒检查完成
[定时任务] 匠心: 唤醒检查完成
[定时任务] 司库: 唤醒检查完成
[定时任务] 执矩: 唤醒检查完成
[定时任务] 磐石: 唤醒检查完成
[定时任务] 灵犀: 唤醒检查完成
[定时任务] 天策: 唤醒检查完成

[定时任务] 天枢: 开始查询新增任务

[定时任务] 匠心: 开始查询新增任务

[定时任务] 司库: 开始查询新增任务

[定时任务] 执矩: 开始查询新增任务

[定时任务] 磐石: 开始查询新增任务

[定时任务] 灵犀: 开始查询新增任务

[定时任务] 天策: 开始查询新增任务
[定时任务] 天枢: 唤醒检查完成
[定时任务] 匠心: 唤醒检查完成
[定时任务] 司库: 唤醒检查完成
[定时任务] 执矩: 唤醒检查完成
[定时任务] 磐石: 唤醒检查完成
[定时任务] 灵犀: 唤醒检查完成
[定时任务] 天策: 唤醒检查完成

[定时任务] 天枢: 开始查询新增任务

[定时任务] 匠心: 开始查询新增任务

[定时任务] 司库: 开始查询新增任务

[定时任务] 执矩: 开始查询新增任务

[定时任务] 磐石: 开始查询新增任务

[定时任务] 灵犀: 开始查询新增任务

[定时任务] 天策: 开始查询新增任务
[定时任务] 天枢: 唤醒检查完成
[定时任务] 司库: 唤醒检查完成
[定时任务] 匠心: 唤醒检查完成
[定时任务] 执矩: 唤醒检查完成
[定时任务] 磐石: 唤醒检查完成
[定时任务] 灵犀: 唤醒检查完成
[定时任务] 天策: 唤醒检查完成

[定时任务] 天枢: 开始查询新增任务

[定时任务] 匠心: 开始查询新增任务

[定时任务] 司库: 开始查询新增任务

[定时任务] 执矩: 开始查询新增任务

[定时任务] 磐石: 开始查询新增任务

[定时任务] 灵犀: 开始查询新增任务

[定时任务] 天策: 开始查询新增任务
[定时任务] 天枢: 唤醒检查完成
[定时任务] 匠心: 唤醒检查完成
[定时任务] 司库: 唤醒检查完成
[定时任务] 磐石: 唤醒检查完成
[定时任务] 执矩: 唤醒检查完成
[定时任务] 天策: 唤醒检查完成
[定时任务] 灵犀: 唤醒检查完成

[定时任务] 天枢: 开始查询新增任务

[定时任务] 匠心: 开始查询新增任务

[定时任务] 司库: 开始查询新增任务

[定时任务] 执矩: 开始查询新增任务

[定时任务] 磐石: 开始查询新增任务

[定时任务] 灵犀: 开始查询新增任务

[定时任务] 天策: 开始查询新增任务
[定时任务] 天枢: 唤醒检查完成
[定时任务] 匠心: 唤醒检查完成
[定时任务] 司库: 唤醒检查完成
[定时任务] 执矩: 唤醒检查完成
[定时任务] 磐石: 唤醒检查完成
[定时任务] 灵犀: 唤醒检查完成
[定时任务] 天策: 唤醒检查完成

[定时任务] 天枢: 开始查询新增任务

[定时任务] 匠心: 开始查询新增任务

[定时任务] 司库: 开始查询新增任务

[定时任务] 执矩: 开始查询新增任务

[定时任务] 磐石: 开始查询新增任务

[定时任务] 灵犀: 开始查询新增任务

[定时任务] 天策: 开始查询新增任务
[定时任务] 天枢: 唤醒检查完成
[定时任务] 匠心: 唤醒检查完成
[定时任务] 司库: 唤醒检查完成
[定时任务] 执矩: 唤醒检查完成
[定时任务] 磐石: 唤醒检查完成
[定时任务] 灵犀: 唤醒检查完成
[定时任务] 天策: 唤醒检查完成

[定时任务] 天枢: 开始查询新增任务

[定时任务] 匠心: 开始查询新增任务

[定时任务] 司库: 开始查询新增任务

[定时任务] 执矩: 开始查询新增任务
[定时任务] 天枢: 唤醒检查完成

[定时任务] 磐石: 开始查询新增任务

[定时任务] 灵犀: 开始查询新增任务

[定时任务] 天策: 开始查询新增任务
[定时任务] 磐石: 唤醒检查完成
[定时任务] 匠心: 唤醒检查完成
[定时任务] 司库: 唤醒检查完成
[定时任务] 执矩: 唤醒检查完成
[定时任务] 灵犀: 唤醒检查完成
[定时任务] 天策: 唤醒检查完成

[定时任务] 天枢: 开始查询新增任务

[定时任务] 匠心: 开始查询新增任务

[定时任务] 司库: 开始查询新增任务

[定时任务] 执矩: 开始查询新增任务

[定时任务] 磐石: 开始查询新增任务

[定时任务] 灵犀: 开始查询新增任务

[定时任务] 天策: 开始查询新增任务
[定时任务] 天枢: 唤醒检查完成
[定时任务] 匠心: 唤醒检查完成
[定时任务] 司库: 唤醒检查完成
[定时任务] 执矩: 唤醒检查完成
[定时任务] 磐石: 唤醒检查完成
[定时任务] 灵犀: 唤醒检查完成
[定时任务] 天策: 唤醒检查完成

[定时任务] 天枢: 开始查询新增任务

[定时任务] 匠心: 开始查询新增任务

[定时任务] 司库: 开始查询新增任务

[定时任务] 执矩: 开始查询新增任务

[定时任务] 磐石: 开始查询新增任务

[定时任务] 灵犀: 开始查询新增任务

[定时任务] 天策: 开始查询新增任务
[定时任务] 天枢: 唤醒检查完成
[定时任务] 匠心: 唤醒检查完成
[定时任务] 司库: 唤醒检查完成
[定时任务] 执矩: 唤醒检查完成
[定时任务] 磐石: 唤醒检查完成
[定时任务] 灵犀: 唤醒检查完成
[定时任务] 天策: 唤醒检查完成

[定时任务] 天枢: 开始查询新增任务

[定时任务] 匠心: 开始查询新增任务

[定时任务] 司库: 开始查询新增任务

[定时任务] 执矩: 开始查询新增任务

[定时任务] 磐石: 开始查询新增任务

[定时任务] 灵犀: 开始查询新增任务

[定时任务] 天策: 开始查询新增任务
[定时任务] 天枢: 唤醒检查完成
[定时任务] 匠心: 唤醒检查完成
[定时任务] 司库: 唤醒检查完成
[定时任务] 执矩: 唤醒检查完成
[定时任务] 磐石: 唤醒检查完成
[定时任务] 灵犀: 唤醒检查完成
[定时任务] 天策: 唤醒检查完成

[定时任务] 天枢: 开始查询新增任务

[定时任务] 匠心: 开始查询新增任务

[定时任务] 司库: 开始查询新增任务

[定时任务] 执矩: 开始查询新增任务

[定时任务] 磐石: 开始查询新增任务

[定时任务] 灵犀: 开始查询新增任务

[定时任务] 天策: 开始查询新增任务
[定时任务] 天枢: 唤醒检查完成
[定时任务] 匠心: 唤醒检查完成
[定时任务] 司库: 唤醒检查完成
[定时任务] 执矩: 唤醒检查完成
[定时任务] 磐石: 唤醒检查完成
[定时任务] 天策: 唤醒检查完成
[定时任务] 灵犀: 唤醒检查完成

[定时任务] 天枢: 开始查询新增任务

[定时任务] 匠心: 开始查询新增任务

[定时任务] 司库: 开始查询新增任务

[定时任务] 执矩: 开始查询新增任务

[定时任务] 磐石: 开始查询新增任务

[定时任务] 灵犀: 开始查询新增任务

[定时任务] 天策: 开始查询新增任务
[定时任务] 天枢: 唤醒检查完成
[定时任务] 匠心: 唤醒检查完成
[定时任务] 司库: 唤醒检查完成
[定时任务] 执矩: 唤醒检查完成
[定时任务] 磐石: 唤醒检查完成
[定时任务] 灵犀: 唤醒检查完成
[定时任务] 天策: 唤醒检查完成

[定时任务] 天枢: 开始查询新增任务

[定时任务] 匠心: 开始查询新增任务

[定时任务] 司库: 开始查询新增任务

[定时任务] 执矩: 开始查询新增任务

[定时任务] 磐石: 开始查询新增任务
[定时任务] 天枢: 唤醒检查完成

[定时任务] 灵犀: 开始查询新增任务

[定时任务] 天策: 开始查询新增任务
[定时任务] 灵犀: 唤醒检查完成
[定时任务] 匠心: 唤醒检查完成
[定时任务] 司库: 唤醒检查完成
[定时任务] 执矩: 唤醒检查完成
[定时任务] 磐石: 唤醒检查完成
[定时任务] 天策: 唤醒检查完成

[定时任务] 天枢: 开始查询新增任务

[定时任务] 匠心: 开始查询新增任务

[定时任务] 司库: 开始查询新增任务

[定时任务] 执矩: 开始查询新增任务

[定时任务] 磐石: 开始查询新增任务

[定时任务] 灵犀: 开始查询新增任务

[定时任务] 天策: 开始查询新增任务
[定时任务] 天枢: 唤醒检查完成
[定时任务] 匠心: 唤醒检查完成
[定时任务] 司库: 唤醒检查完成
[定时任务] 磐石: 唤醒检查完成
[定时任务] 执矩: 唤醒检查完成
[定时任务] 灵犀: 唤醒检查完成
[定时任务] 天策: 唤醒检查完成

[定时任务] 天枢: 开始查询新增任务

[定时任务] 匠心: 开始查询新增任务

[定时任务] 司库: 开始查询新增任务

[定时任务] 执矩: 开始查询新增任务

[定时任务] 磐石: 开始查询新增任务

[定时任务] 灵犀: 开始查询新增任务

[定时任务] 天策: 开始查询新增任务
[定时任务] 天枢: 唤醒检查完成
[定时任务] 司库: 唤醒检查完成
[定时任务] 匠心: 唤醒检查完成
[定时任务] 执矩: 唤醒检查完成
[定时任务] 磐石: 唤醒检查完成
[定时任务] 灵犀: 唤醒检查完成
[定时任务] 天策: 唤醒检查完成

[定时任务] 天枢: 开始查询新增任务

[定时任务] 匠心: 开始查询新增任务

[定时任务] 司库: 开始查询新增任务

[定时任务] 执矩: 开始查询新增任务

[定时任务] 磐石: 开始查询新增任务

[定时任务] 灵犀: 开始查询新增任务

[定时任务] 天策: 开始查询新增任务
[定时任务] 天枢: 唤醒检查完成
[定时任务] 匠心: 唤醒检查完成
[定时任务] 司库: 唤醒检查完成
[定时任务] 执矩: 唤醒检查完成
[定时任务] 磐石: 唤醒检查完成
[定时任务] 灵犀: 唤醒检查完成
[定时任务] 天策: 唤醒检查完成

[定时任务] 天枢: 开始查询新增任务

[定时任务] 匠心: 开始查询新增任务

[定时任务] 司库: 开始查询新增任务

[定时任务] 执矩: 开始查询新增任务

[定时任务] 磐石: 开始查询新增任务

[定时任务] 灵犀: 开始查询新增任务

[定时任务] 天策: 开始查询新增任务
[定时任务] 天枢: 唤醒检查完成
[定时任务] 匠心: 唤醒检查完成
[定时任务] 司库: 唤醒检查完成
[定时任务] 执矩: 唤醒检查完成
[定时任务] 磐石: 唤醒检查完成
[定时任务] 灵犀: 唤醒检查完成
[定时任务] 天策: 唤醒检查完成

[定时任务] 天枢: 开始查询新增任务

[定时任务] 匠心: 开始查询新增任务

[定时任务] 司库: 开始查询新增任务

[定时任务] 执矩: 开始查询新增任务

[定时任务] 磐石: 开始查询新增任务

[定时任务] 灵犀: 开始查询新增任务

[定时任务] 天策: 开始查询新增任务
[定时任务] 天枢: 唤醒检查完成
[定时任务] 匠心: 唤醒检查完成
[定时任务] 司库: 唤醒检查完成
[定时任务] 执矩: 唤醒检查完成
[定时任务] 灵犀: 唤醒检查完成
[定时任务] 磐石: 唤醒检查完成
[定时任务] 天策: 唤醒检查完成

[定时任务] 天枢: 开始查询新增任务

[定时任务] 匠心: 开始查询新增任务

[定时任务] 司库: 开始查询新增任务

[定时任务] 执矩: 开始查询新增任务

[定时任务] 磐石: 开始查询新增任务

[定时任务] 灵犀: 开始查询新增任务

[定时任务] 天策: 开始查询新增任务
[定时任务] 天枢: 唤醒检查完成
[定时任务] 司库: 唤醒检查完成
[定时任务] 匠心: 唤醒检查完成
[定时任务] 执矩: 唤醒检查完成
[定时任务] 灵犀: 唤醒检查完成
[定时任务] 磐石: 唤醒检查完成
[定时任务] 天策: 唤醒检查完成

[定时任务] 天枢: 开始查询新增任务

[定时任务] 匠心: 开始查询新增任务

[定时任务] 司库: 开始查询新增任务

[定时任务] 执矩: 开始查询新增任务

[定时任务] 磐石: 开始查询新增任务

[定时任务] 灵犀: 开始查询新增任务

[定时任务] 天策: 开始查询新增任务
[定时任务] 天枢: 唤醒检查完成
[定时任务] 匠心: 唤醒检查完成
[定时任务] 执矩: 唤醒检查完成
[定时任务] 司库: 唤醒检查完成
[定时任务] 灵犀: 唤醒检查完成
[定时任务] 磐石: 唤醒检查完成
[定时任务] 天策: 唤醒检查完成

[定时任务] 天枢: 开始查询新增任务

[定时任务] 匠心: 开始查询新增任务

[定时任务] 司库: 开始查询新增任务

[定时任务] 执矩: 开始查询新增任务

[定时任务] 磐石: 开始查询新增任务

[定时任务] 灵犀: 开始查询新增任务

[定时任务] 天策: 开始查询新增任务
[定时任务] 天枢: 唤醒检查完成
[定时任务] 匠心: 唤醒检查完成
[定时任务] 执矩: 唤醒检查完成
[定时任务] 司库: 唤醒检查完成
[定时任务] 灵犀: 唤醒检查完成
[定时任务] 磐石: 唤醒检查完成
[定时任务] 天策: 唤醒检查完成

[定时任务] 天枢: 开始查询新增任务

[定时任务] 匠心: 开始查询新增任务

[定时任务] 司库: 开始查询新增任务

[定时任务] 执矩: 开始查询新增任务

[定时任务] 磐石: 开始查询新增任务

[定时任务] 灵犀: 开始查询新增任务

[定时任务] 天策: 开始查询新增任务
[定时任务] 天枢: 唤醒检查完成
[定时任务] 匠心: 唤醒检查完成
[定时任务] 司库: 唤醒检查完成
[定时任务] 执矩: 唤醒检查完成
[定时任务] 磐石: 唤醒检查完成
[定时任务] 灵犀: 唤醒检查完成
[定时任务] 天策: 唤醒检查完成

[定时任务] 天枢: 开始查询新增任务

[定时任务] 匠心: 开始查询新增任务

[定时任务] 司库: 开始查询新增任务

[定时任务] 执矩: 开始查询新增任务

[定时任务] 磐石: 开始查询新增任务

[定时任务] 灵犀: 开始查询新增任务

[定时任务] 天策: 开始查询新增任务
[定时任务] 天枢: 唤醒检查完成
[定时任务] 匠心: 唤醒检查完成
[定时任务] 司库: 唤醒检查完成
[定时任务] 执矩: 唤醒检查完成
[定时任务] 磐石: 唤醒检查完成
[定时任务] 天策: 唤醒检查完成
[定时任务] 灵犀: 唤醒检查完成

[定时任务] 天枢: 开始查询新增任务

[定时任务] 匠心: 开始查询新增任务

[定时任务] 司库: 开始查询新增任务

[定时任务] 执矩: 开始查询新增任务

[定时任务] 磐石: 开始查询新增任务

[定时任务] 灵犀: 开始查询新增任务

[定时任务] 天策: 开始查询新增任务
[定时任务] 天枢: 唤醒检查完成
[定时任务] 匠心: 唤醒检查完成
[定时任务] 司库: 唤醒检查完成
[定时任务] 执矩: 唤醒检查完成
[定时任务] 磐石: 唤醒检查完成
[定时任务] 灵犀: 唤醒检查完成
[定时任务] 天策: 唤醒检查完成

[定时任务] 天枢: 开始查询新增任务

[定时任务] 匠心: 开始查询新增任务

[定时任务] 司库: 开始查询新增任务

[定时任务] 执矩: 开始查询新增任务

[定时任务] 磐石: 开始查询新增任务
[定时任务] 天枢: 唤醒检查完成

[定时任务] 灵犀: 开始查询新增任务

[定时任务] 天策: 开始查询新增任务
[定时任务] 灵犀: 唤醒检查完成
[定时任务] 匠心: 唤醒检查完成
[定时任务] 司库: 唤醒检查完成
[定时任务] 执矩: 唤醒检查完成
[定时任务] 磐石: 唤醒检查完成
[定时任务] 天策: 唤醒检查完成

[定时任务] 天枢: 开始查询新增任务

[定时任务] 匠心: 开始查询新增任务

[定时任务] 司库: 开始查询新增任务

[定时任务] 执矩: 开始查询新增任务

[定时任务] 磐石: 开始查询新增任务

[定时任务] 灵犀: 开始查询新增任务

[定时任务] 天策: 开始查询新增任务
[定时任务] 天枢: 唤醒检查完成
[定时任务] 匠心: 唤醒检查完成
[定时任务] 执矩: 唤醒检查完成
[定时任务] 司库: 唤醒检查完成
[定时任务] 灵犀: 唤醒检查完成
[定时任务] 磐石: 唤醒检查完成
[定时任务] 天策: 唤醒检查完成

[定时任务] 天枢: 开始查询新增任务

[定时任务] 匠心: 开始查询新增任务

[定时任务] 司库: 开始查询新增任务

[定时任务] 执矩: 开始查询新增任务

[定时任务] 磐石: 开始查询新增任务

[定时任务] 灵犀: 开始查询新增任务

[定时任务] 天策: 开始查询新增任务
[定时任务] 天枢: 唤醒检查完成
[定时任务] 匠心: 唤醒检查完成
[定时任务] 司库: 唤醒检查完成
[定时任务] 执矩: 唤醒检查完成
[定时任务] 磐石: 唤醒检查完成
[定时任务] 灵犀: 唤醒检查完成
[定时任务] 天策: 唤醒检查完成

[定时任务] 天枢: 开始查询新增任务

[定时任务] 匠心: 开始查询新增任务

[定时任务] 司库: 开始查询新增任务

[定时任务] 执矩: 开始查询新增任务

[定时任务] 磐石: 开始查询新增任务

[定时任务] 灵犀: 开始查询新增任务

[定时任务] 天策: 开始查询新增任务
[定时任务] 天枢: 唤醒检查完成
[定时任务] 匠心: 唤醒检查完成
[定时任务] 司库: 唤醒检查完成
[定时任务] 执矩: 唤醒检查完成
[定时任务] 磐石: 唤醒检查完成
[定时任务] 灵犀: 唤醒检查完成
[定时任务] 天策: 唤醒检查完成

[定时任务] 天枢: 开始查询新增任务

[定时任务] 匠心: 开始查询新增任务

[定时任务] 司库: 开始查询新增任务

[定时任务] 执矩: 开始查询新增任务

[定时任务] 磐石: 开始查询新增任务

[定时任务] 灵犀: 开始查询新增任务

[定时任务] 天策: 开始查询新增任务
[定时任务] 天枢: 唤醒检查完成
[定时任务] 匠心: 唤醒检查完成
[定时任务] 司库: 唤醒检查完成
[定时任务] 执矩: 唤醒检查完成
[定时任务] 灵犀: 唤醒检查完成
[定时任务] 磐石: 唤醒检查完成
[定时任务] 天策: 唤醒检查完成

[定时任务] 天枢: 开始查询新增任务

[定时任务] 匠心: 开始查询新增任务

[定时任务] 司库: 开始查询新增任务

[定时任务] 执矩: 开始查询新增任务

[定时任务] 磐石: 开始查询新增任务

[定时任务] 灵犀: 开始查询新增任务

[定时任务] 天策: 开始查询新增任务
[定时任务] 天枢: 唤醒检查完成
[定时任务] 匠心: 唤醒检查完成
[定时任务] 司库: 唤醒检查完成
[定时任务] 执矩: 唤醒检查完成
[定时任务] 磐石: 唤醒检查完成
[定时任务] 灵犀: 唤醒检查完成
[定时任务] 天策: 唤醒检查完成

[定时任务] 天枢: 开始查询新增任务

[定时任务] 匠心: 开始查询新增任务

[定时任务] 司库: 开始查询新增任务

[定时任务] 执矩: 开始查询新增任务

[定时任务] 磐石: 开始查询新增任务

[定时任务] 灵犀: 开始查询新增任务

[定时任务] 天策: 开始查询新增任务
[定时任务] 天枢: 唤醒检查完成
[定时任务] 匠心: 唤醒检查完成
[定时任务] 司库: 唤醒检查完成
[定时任务] 执矩: 唤醒检查完成
[定时任务] 灵犀: 唤醒检查完成
[定时任务] 磐石: 唤醒检查完成
[定时任务] 天策: 唤醒检查完成

[定时任务] 天枢: 开始查询新增任务

[定时任务] 匠心: 开始查询新增任务

[定时任务] 司库: 开始查询新增任务

[定时任务] 执矩: 开始查询新增任务

[定时任务] 磐石: 开始查询新增任务

[定时任务] 灵犀: 开始查询新增任务

[定时任务] 天策: 开始查询新增任务
[定时任务] 天枢: 唤醒检查完成
[定时任务] 匠心: 唤醒检查完成
[定时任务] 司库: 唤醒检查完成
[定时任务] 执矩: 唤醒检查完成
[定时任务] 磐石: 唤醒检查完成
[定时任务] 灵犀: 唤醒检查完成
[定时任务] 天策: 唤醒检查完成

[定时任务] 天枢: 开始查询新增任务

[定时任务] 匠心: 开始查询新增任务

[定时任务] 司库: 开始查询新增任务

[定时任务] 执矩: 开始查询新增任务

[定时任务] 磐石: 开始查询新增任务

[定时任务] 灵犀: 开始查询新增任务

[定时任务] 天策: 开始查询新增任务
[定时任务] 天枢: 唤醒检查完成
[定时任务] 匠心: 唤醒检查完成
[定时任务] 执矩: 唤醒检查完成
[定时任务] 司库: 唤醒检查完成
[定时任务] 磐石: 唤醒检查完成
[定时任务] 灵犀: 唤醒检查完成
[定时任务] 天策: 唤醒检查完成

[定时任务] 天枢: 开始查询新增任务

[定时任务] 匠心: 开始查询新增任务

[定时任务] 司库: 开始查询新增任务

[定时任务] 执矩: 开始查询新增任务

[定时任务] 磐石: 开始查询新增任务

[定时任务] 灵犀: 开始查询新增任务

[定时任务] 天策: 开始查询新增任务
[定时任务] 天枢: 唤醒检查完成
[定时任务] 匠心: 唤醒检查完成
[定时任务] 司库: 唤醒检查完成
[定时任务] 执矩: 唤醒检查完成
[定时任务] 磐石: 唤醒检查完成
[定时任务] 灵犀: 唤醒检查完成
[定时任务] 天策: 唤醒检查完成

[定时任务] 天枢: 开始查询新增任务

[定时任务] 匠心: 开始查询新增任务

[定时任务] 司库: 开始查询新增任务

[定时任务] 执矩: 开始查询新增任务

[定时任务] 磐石: 开始查询新增任务

[定时任务] 灵犀: 开始查询新增任务

[定时任务] 天策: 开始查询新增任务
[定时任务] 天枢: 唤醒检查完成
[定时任务] 匠心: 唤醒检查完成
[定时任务] 司库: 唤醒检查完成
[定时任务] 执矩: 唤醒检查完成
[定时任务] 磐石: 唤醒检查完成
[定时任务] 灵犀: 唤醒检查完成
[定时任务] 天策: 唤醒检查完成

[定时任务] 天枢: 开始查询新增任务

[定时任务] 匠心: 开始查询新增任务

[定时任务] 司库: 开始查询新增任务

[定时任务] 执矩: 开始查询新增任务

[定时任务] 磐石: 开始查询新增任务

[定时任务] 灵犀: 开始查询新增任务

[定时任务] 天策: 开始查询新增任务
[定时任务] 天枢: 唤醒检查完成
[定时任务] 匠心: 唤醒检查完成
[定时任务] 司库: 唤醒检查完成
[定时任务] 执矩: 唤醒检查完成
[定时任务] 磐石: 唤醒检查完成
[定时任务] 天策: 唤醒检查完成
[定时任务] 灵犀: 唤醒检查完成

[定时任务] 天枢: 开始查询新增任务

[定时任务] 匠心: 开始查询新增任务

[定时任务] 司库: 开始查询新增任务

[定时任务] 执矩: 开始查询新增任务

[定时任务] 磐石: 开始查询新增任务

[定时任务] 灵犀: 开始查询新增任务

[定时任务] 天策: 开始查询新增任务
[定时任务] 天枢: 唤醒检查完成
[定时任务] 匠心: 唤醒检查完成
[定时任务] 司库: 唤醒检查完成
[定时任务] 执矩: 唤醒检查完成
[定时任务] 磐石: 唤醒检查完成
[定时任务] 灵犀: 唤醒检查完成
[定时任务] 天策: 唤醒检查完成

[定时任务] 天枢: 开始查询新增任务

[定时任务] 匠心: 开始查询新增任务

[定时任务] 司库: 开始查询新增任务

[定时任务] 执矩: 开始查询新增任务

[定时任务] 磐石: 开始查询新增任务

[定时任务] 灵犀: 开始查询新增任务

[定时任务] 天策: 开始查询新增任务
[定时任务] 天枢: 唤醒检查完成
[定时任务] 司库: 唤醒检查完成
[定时任务] 执矩: 唤醒检查完成
[定时任务] 匠心: 唤醒检查完成
[定时任务] 磐石: 唤醒检查完成
[定时任务] 灵犀: 唤醒检查完成
[定时任务] 天策: 唤醒检查完成

[定时任务] 天枢: 开始查询新增任务

[定时任务] 匠心: 开始查询新增任务

[定时任务] 司库: 开始查询新增任务

[定时任务] 执矩: 开始查询新增任务

[定时任务] 磐石: 开始查询新增任务

[定时任务] 灵犀: 开始查询新增任务

[定时任务] 天策: 开始查询新增任务
[定时任务] 天枢: 唤醒检查完成
[定时任务] 匠心: 唤醒检查完成
[定时任务] 司库: 唤醒检查完成
[定时任务] 磐石: 唤醒检查完成
[定时任务] 执矩: 唤醒检查完成
[定时任务] 天策: 唤醒检查完成
[定时任务] 灵犀: 唤醒检查完成

[定时任务] 天枢: 开始查询新增任务

[定时任务] 匠心: 开始查询新增任务

[定时任务] 司库: 开始查询新增任务

[定时任务] 执矩: 开始查询新增任务

[定时任务] 磐石: 开始查询新增任务

[定时任务] 灵犀: 开始查询新增任务

[定时任务] 天策: 开始查询新增任务
[定时任务] 天枢: 唤醒检查完成
[定时任务] 匠心: 唤醒检查完成
[定时任务] 司库: 唤醒检查完成
[定时任务] 执矩: 唤醒检查完成
[定时任务] 磐石: 唤醒检查完成
[定时任务] 灵犀: 唤醒检查完成
[定时任务] 天策: 唤醒检查完成

[定时任务] 天枢: 开始查询新增任务

[定时任务] 匠心: 开始查询新增任务

[定时任务] 司库: 开始查询新增任务

[定时任务] 执矩: 开始查询新增任务

[定时任务] 磐石: 开始查询新增任务

[定时任务] 灵犀: 开始查询新增任务

[定时任务] 天策: 开始查询新增任务
[定时任务] 天枢: 唤醒检查完成
[定时任务] 匠心: 唤醒检查完成
[定时任务] 司库: 唤醒检查完成
[定时任务] 执矩: 唤醒检查完成
[定时任务] 磐石: 唤醒检查完成
[定时任务] 灵犀: 唤醒检查完成
[定时任务] 天策: 唤醒检查完成

[定时任务] 天枢: 开始查询新增任务

[定时任务] 匠心: 开始查询新增任务

[定时任务] 司库: 开始查询新增任务

[定时任务] 执矩: 开始查询新增任务

[定时任务] 磐石: 开始查询新增任务
[定时任务] 天枢: 唤醒检查完成

[定时任务] 灵犀: 开始查询新增任务

[定时任务] 天策: 开始查询新增任务
[定时任务] 灵犀: 唤醒检查完成
[定时任务] 司库: 唤醒检查完成
[定时任务] 匠心: 唤醒检查完成
[定时任务] 磐石: 唤醒检查完成
[定时任务] 执矩: 唤醒检查完成
[定时任务] 天策: 唤醒检查完成

[定时任务] 天枢: 开始查询新增任务

[定时任务] 匠心: 开始查询新增任务

[定时任务] 司库: 开始查询新增任务

[定时任务] 执矩: 开始查询新增任务

[定时任务] 磐石: 开始查询新增任务

[定时任务] 灵犀: 开始查询新增任务

[定时任务] 天策: 开始查询新增任务
[定时任务] 天枢: 唤醒检查完成
[定时任务] 匠心: 唤醒检查完成
[定时任务] 司库: 唤醒检查完成
[定时任务] 执矩: 唤醒检查完成
[定时任务] 磐石: 唤醒检查完成
[定时任务] 灵犀: 唤醒检查完成
[定时任务] 天策: 唤醒检查完成

[定时任务] 天枢: 开始查询新增任务

[定时任务] 匠心: 开始查询新增任务

[定时任务] 司库: 开始查询新增任务

[定时任务] 执矩: 开始查询新增任务

[定时任务] 磐石: 开始查询新增任务

[定时任务] 灵犀: 开始查询新增任务

[定时任务] 天策: 开始查询新增任务
[定时任务] 天枢: 唤醒检查完成
[定时任务] 匠心: 唤醒检查完成
[定时任务] 司库: 唤醒检查完成
[定时任务] 执矩: 唤醒检查完成
[定时任务] 磐石: 唤醒检查完成
[定时任务] 灵犀: 唤醒检查完成
[定时任务] 天策: 唤醒检查完成

[定时任务] 天枢: 开始查询新增任务

[定时任务] 匠心: 开始查询新增任务

[定时任务] 司库: 开始查询新增任务

[定时任务] 执矩: 开始查询新增任务

[定时任务] 磐石: 开始查询新增任务

[定时任务] 灵犀: 开始查询新增任务

[定时任务] 天策: 开始查询新增任务
[定时任务] 天枢: 唤醒检查完成
[定时任务] 匠心: 唤醒检查完成
[定时任务] 执矩: 唤醒检查完成
[定时任务] 司库: 唤醒检查完成
[定时任务] 磐石: 唤醒检查完成
[定时任务] 天策: 唤醒检查完成
[定时任务] 灵犀: 唤醒检查完成

[定时任务] 天枢: 开始查询新增任务

[定时任务] 匠心: 开始查询新增任务

[定时任务] 司库: 开始查询新增任务

[定时任务] 执矩: 开始查询新增任务

[定时任务] 磐石: 开始查询新增任务

[定时任务] 灵犀: 开始查询新增任务

[定时任务] 天策: 开始查询新增任务
[定时任务] 天枢: 唤醒检查完成
[定时任务] 匠心: 唤醒检查完成
[定时任务] 司库: 唤醒检查完成
[定时任务] 执矩: 唤醒检查完成
[定时任务] 磐石: 唤醒检查完成
[定时任务] 天策: 唤醒检查完成
[定时任务] 灵犀: 唤醒检查完成

[定时任务] 天枢: 开始查询新增任务

[定时任务] 匠心: 开始查询新增任务

[定时任务] 司库: 开始查询新增任务

[定时任务] 执矩: 开始查询新增任务

[定时任务] 磐石: 开始查询新增任务

[定时任务] 灵犀: 开始查询新增任务

[定时任务] 天策: 开始查询新增任务
[定时任务] 天枢: 唤醒检查完成
[定时任务] 匠心: 唤醒检查完成
[定时任务] 司库: 唤醒检查完成
[定时任务] 执矩: 唤醒检查完成
[定时任务] 磐石: 唤醒检查完成
[定时任务] 灵犀: 唤醒检查完成
[定时任务] 天策: 唤醒检查完成

[定时任务] 天枢: 开始查询新增任务

[定时任务] 匠心: 开始查询新增任务

[定时任务] 司库: 开始查询新增任务

[定时任务] 执矩: 开始查询新增任务

[定时任务] 磐石: 开始查询新增任务

[定时任务] 灵犀: 开始查询新增任务

[定时任务] 天策: 开始查询新增任务
[定时任务] 天枢: 唤醒检查完成
[定时任务] 司库: 唤醒检查完成
[定时任务] 匠心: 唤醒检查完成
[定时任务] 执矩: 唤醒检查完成
[定时任务] 磐石: 唤醒检查完成
[定时任务] 灵犀: 唤醒检查完成
[定时任务] 天策: 唤醒检查完成

[定时任务] 天枢: 开始查询新增任务

[定时任务] 匠心: 开始查询新增任务

[定时任务] 司库: 开始查询新增任务

[定时任务] 执矩: 开始查询新增任务

[定时任务] 磐石: 开始查询新增任务

[定时任务] 灵犀: 开始查询新增任务

[定时任务] 天策: 开始查询新增任务
[定时任务] 天枢: 唤醒检查完成
[定时任务] 匠心: 唤醒检查完成
[定时任务] 司库: 唤醒检查完成
[定时任务] 磐石: 唤醒检查完成
[定时任务] 执矩: 唤醒检查完成
[定时任务] 天策: 唤醒检查完成
[定时任务] 灵犀: 唤醒检查完成

[定时任务] 天枢: 开始查询新增任务

[定时任务] 匠心: 开始查询新增任务

[定时任务] 司库: 开始查询新增任务

[定时任务] 执矩: 开始查询新增任务

[定时任务] 磐石: 开始查询新增任务

[定时任务] 灵犀: 开始查询新增任务

[定时任务] 天策: 开始查询新增任务
[定时任务] 天枢: 唤醒检查完成
[定时任务] 匠心: 唤醒检查完成
[定时任务] 司库: 唤醒检查完成
[定时任务] 执矩: 唤醒检查完成
[定时任务] 磐石: 唤醒检查完成
[定时任务] 天策: 唤醒检查完成
[定时任务] 灵犀: 唤醒检查完成

[定时任务] 天枢: 开始查询新增任务

[定时任务] 匠心: 开始查询新增任务

[定时任务] 司库: 开始查询新增任务

[定时任务] 执矩: 开始查询新增任务

[定时任务] 磐石: 开始查询新增任务

[定时任务] 灵犀: 开始查询新增任务

[定时任务] 天策: 开始查询新增任务
[定时任务] 天枢: 唤醒检查完成
[定时任务] 匠心: 唤醒检查完成
[定时任务] 司库: 唤醒检查完成
[定时任务] 执矩: 唤醒检查完成
[定时任务] 磐石: 唤醒检查完成
[定时任务] 灵犀: 唤醒检查完成
[定时任务] 天策: 唤醒检查完成

[定时任务] 天枢: 开始查询新增任务

[定时任务] 匠心: 开始查询新增任务

[定时任务] 司库: 开始查询新增任务

[定时任务] 执矩: 开始查询新增任务

[定时任务] 磐石: 开始查询新增任务

[定时任务] 灵犀: 开始查询新增任务

[定时任务] 天策: 开始查询新增任务
[定时任务] 天枢: 唤醒检查完成
[定时任务] 匠心: 唤醒检查完成
[定时任务] 司库: 唤醒检查完成
[定时任务] 执矩: 唤醒检查完成
[定时任务] 磐石: 唤醒检查完成
[定时任务] 灵犀: 唤醒检查完成
[定时任务] 天策: 唤醒检查完成

[定时任务] 天枢: 开始查询新增任务

[定时任务] 匠心: 开始查询新增任务

[定时任务] 司库: 开始查询新增任务

[定时任务] 执矩: 开始查询新增任务

[定时任务] 磐石: 开始查询新增任务

[定时任务] 灵犀: 开始查询新增任务

[定时任务] 天策: 开始查询新增任务
[定时任务] 天枢: 唤醒检查完成
[定时任务] 匠心: 唤醒检查完成
[定时任务] 司库: 唤醒检查完成
[定时任务] 磐石: 唤醒检查完成
[定时任务] 执矩: 唤醒检查完成
[定时任务] 灵犀: 唤醒检查完成
[定时任务] 天策: 唤醒检查完成

[定时任务] 天枢: 开始查询新增任务

[定时任务] 匠心: 开始查询新增任务

[定时任务] 司库: 开始查询新增任务

[定时任务] 执矩: 开始查询新增任务

[定时任务] 磐石: 开始查询新增任务

[定时任务] 灵犀: 开始查询新增任务

[定时任务] 天策: 开始查询新增任务
[定时任务] 天枢: 唤醒检查完成
[定时任务] 匠心: 唤醒检查完成
[定时任务] 司库: 唤醒检查完成
[定时任务] 执矩: 唤醒检查完成
[定时任务] 磐石: 唤醒检查完成
[定时任务] 灵犀: 唤醒检查完成
[定时任务] 天策: 唤醒检查完成

[定时任务] 天枢: 开始查询新增任务

[定时任务] 匠心: 开始查询新增任务

[定时任务] 司库: 开始查询新增任务

[定时任务] 执矩: 开始查询新增任务

[定时任务] 磐石: 开始查询新增任务

[定时任务] 灵犀: 开始查询新增任务

[定时任务] 天策: 开始查询新增任务
[定时任务] 天枢: 唤醒检查完成
[定时任务] 匠心: 唤醒检查完成
[定时任务] 司库: 唤醒检查完成
[定时任务] 执矩: 唤醒检查完成
[定时任务] 磐石: 唤醒检查完成
[定时任务] 灵犀: 唤醒检查完成
[定时任务] 天策: 唤醒检查完成

[定时任务] 天枢: 开始查询新增任务

[定时任务] 匠心: 开始查询新增任务

[定时任务] 司库: 开始查询新增任务

[定时任务] 执矩: 开始查询新增任务

[定时任务] 磐石: 开始查询新增任务

[定时任务] 灵犀: 开始查询新增任务

[定时任务] 天策: 开始查询新增任务
[定时任务] 天枢: 唤醒检查完成
[定时任务] 匠心: 唤醒检查完成
[定时任务] 司库: 唤醒检查完成
[定时任务] 执矩: 唤醒检查完成
[定时任务] 磐石: 唤醒检查完成
[定时任务] 灵犀: 唤醒检查完成
[定时任务] 天策: 唤醒检查完成

[定时任务] 天枢: 开始查询新增任务

[定时任务] 匠心: 开始查询新增任务

[定时任务] 司库: 开始查询新增任务

[定时任务] 执矩: 开始查询新增任务

[定时任务] 磐石: 开始查询新增任务

[定时任务] 灵犀: 开始查询新增任务

[定时任务] 天策: 开始查询新增任务
[定时任务] 天枢: 唤醒检查完成
[定时任务] 匠心: 唤醒检查完成
[定时任务] 执矩: 唤醒检查完成
[定时任务] 司库: 唤醒检查完成
[定时任务] 磐石: 唤醒检查完成
[定时任务] 灵犀: 唤醒检查完成
[定时任务] 天策: 唤醒检查完成

[定时任务] 天枢: 开始查询新增任务

[定时任务] 匠心: 开始查询新增任务

[定时任务] 司库: 开始查询新增任务

[定时任务] 执矩: 开始查询新增任务

[定时任务] 磐石: 开始查询新增任务

[定时任务] 灵犀: 开始查询新增任务

[定时任务] 天策: 开始查询新增任务
[定时任务] 天枢: 唤醒检查完成
[定时任务] 匠心: 唤醒检查完成
[定时任务] 司库: 唤醒检查完成
[定时任务] 执矩: 唤醒检查完成
[定时任务] 灵犀: 唤醒检查完成
[定时任务] 磐石: 唤醒检查完成
[定时任务] 天策: 唤醒检查完成

[定时任务] 天枢: 开始查询新增任务

[定时任务] 匠心: 开始查询新增任务

[定时任务] 司库: 开始查询新增任务

[定时任务] 执矩: 开始查询新增任务

[定时任务] 磐石: 开始查询新增任务

[定时任务] 灵犀: 开始查询新增任务

[定时任务] 天策: 开始查询新增任务
[定时任务] 天枢: 唤醒检查完成
[定时任务] 匠心: 唤醒检查完成
[定时任务] 司库: 唤醒检查完成
[定时任务] 磐石: 唤醒检查完成
[定时任务] 执矩: 唤醒检查完成
[定时任务] 灵犀: 唤醒检查完成
[定时任务] 天策: 唤醒检查完成

[定时任务] 天枢: 开始查询新增任务

[定时任务] 匠心: 开始查询新增任务

[定时任务] 司库: 开始查询新增任务

[定时任务] 执矩: 开始查询新增任务

[定时任务] 磐石: 开始查询新增任务

[定时任务] 灵犀: 开始查询新增任务

[定时任务] 天策: 开始查询新增任务
[定时任务] 天枢: 唤醒检查完成
[定时任务] 匠心: 唤醒检查完成
[定时任务] 司库: 唤醒检查完成
[定时任务] 执矩: 唤醒检查完成
[定时任务] 磐石: 唤醒检查完成
[定时任务] 灵犀: 唤醒检查完成
[定时任务] 天策: 唤醒检查完成

[定时任务] 天枢: 开始查询新增任务

[定时任务] 匠心: 开始查询新增任务

[定时任务] 司库: 开始查询新增任务

[定时任务] 执矩: 开始查询新增任务

[定时任务] 磐石: 开始查询新增任务

[定时任务] 灵犀: 开始查询新增任务

[定时任务] 天策: 开始查询新增任务
[定时任务] 天枢: 唤醒检查完成
[定时任务] 司库: 唤醒检查完成
[定时任务] 匠心: 唤醒检查完成
[定时任务] 执矩: 唤醒检查完成
[定时任务] 磐石: 唤醒检查完成
[定时任务] 灵犀: 唤醒检查完成
[定时任务] 天策: 唤醒检查完成

[定时任务] 天枢: 开始查询新增任务

[定时任务] 匠心: 开始查询新增任务

[定时任务] 司库: 开始查询新增任务

[定时任务] 执矩: 开始查询新增任务

[定时任务] 磐石: 开始查询新增任务

[定时任务] 灵犀: 开始查询新增任务

[定时任务] 天策: 开始查询新增任务
[定时任务] 天枢: 唤醒检查完成
[定时任务] 匠心: 唤醒检查完成
[定时任务] 司库: 唤醒检查完成
[定时任务] 执矩: 唤醒检查完成
[定时任务] 灵犀: 唤醒检查完成
[定时任务] 磐石: 唤醒检查完成
[定时任务] 天策: 唤醒检查完成

[定时任务] 天枢: 开始查询新增任务

[定时任务] 匠心: 开始查询新增任务

[定时任务] 司库: 开始查询新增任务

[定时任务] 执矩: 开始查询新增任务

[定时任务] 磐石: 开始查询新增任务

[定时任务] 灵犀: 开始查询新增任务

[定时任务] 天策: 开始查询新增任务
[定时任务] 天枢: 唤醒检查完成
[定时任务] 匠心: 唤醒检查完成
[定时任务] 司库: 唤醒检查完成
[定时任务] 执矩: 唤醒检查完成
[定时任务] 磐石: 唤醒检查完成
[定时任务] 天策: 唤醒检查完成
[定时任务] 灵犀: 唤醒检查完成

[定时任务] 天枢: 开始查询新增任务

[定时任务] 匠心: 开始查询新增任务

[定时任务] 司库: 开始查询新增任务

[定时任务] 执矩: 开始查询新增任务

[定时任务] 磐石: 开始查询新增任务

[定时任务] 灵犀: 开始查询新增任务

[定时任务] 天策: 开始查询新增任务
[定时任务] 天枢: 唤醒检查完成
[定时任务] 匠心: 唤醒检查完成
[定时任务] 司库: 唤醒检查完成
[定时任务] 执矩: 唤醒检查完成
[定时任务] 灵犀: 唤醒检查完成
[定时任务] 天策: 唤醒检查完成
[定时任务] 磐石: 唤醒检查完成

[定时任务] 天枢: 开始查询新增任务

[定时任务] 匠心: 开始查询新增任务

[定时任务] 司库: 开始查询新增任务

[定时任务] 执矩: 开始查询新增任务
[定时任务] 天枢: 唤醒检查完成

[定时任务] 磐石: 开始查询新增任务

[定时任务] 灵犀: 开始查询新增任务

[定时任务] 天策: 开始查询新增任务
[定时任务] 磐石: 唤醒检查完成
[定时任务] 司库: 唤醒检查完成
[定时任务] 匠心: 唤醒检查完成
[定时任务] 执矩: 唤醒检查完成
[定时任务] 灵犀: 唤醒检查完成
[定时任务] 天策: 唤醒检查完成

[定时任务] 天枢: 开始查询新增任务

[定时任务] 匠心: 开始查询新增任务

[定时任务] 司库: 开始查询新增任务

[定时任务] 执矩: 开始查询新增任务

[定时任务] 磐石: 开始查询新增任务

[定时任务] 灵犀: 开始查询新增任务

[定时任务] 天策: 开始查询新增任务
[定时任务] 天枢: 唤醒检查完成
[定时任务] 匠心: 唤醒检查完成
[定时任务] 司库: 唤醒检查完成
[定时任务] 磐石: 唤醒检查完成
[定时任务] 执矩: 唤醒检查完成
[定时任务] 灵犀: 唤醒检查完成
[定时任务] 天策: 唤醒检查完成

[定时任务] 天枢: 开始查询新增任务

[定时任务] 匠心: 开始查询新增任务

[定时任务] 司库: 开始查询新增任务

[定时任务] 执矩: 开始查询新增任务

[定时任务] 磐石: 开始查询新增任务

[定时任务] 灵犀: 开始查询新增任务

[定时任务] 天策: 开始查询新增任务
[定时任务] 天枢: 唤醒检查完成
[定时任务] 司库: 唤醒检查完成
[定时任务] 匠心: 唤醒检查完成
[定时任务] 磐石: 唤醒检查完成
[定时任务] 执矩: 唤醒检查完成
[定时任务] 天策: 唤醒检查完成
[定时任务] 灵犀: 唤醒检查完成

[定时任务] 天枢: 开始查询新增任务

[定时任务] 匠心: 开始查询新增任务

[定时任务] 司库: 开始查询新增任务

[定时任务] 执矩: 开始查询新增任务

[定时任务] 磐石: 开始查询新增任务

[定时任务] 灵犀: 开始查询新增任务

[定时任务] 天策: 开始查询新增任务
[定时任务] 天枢: 唤醒检查完成
[定时任务] 匠心: 唤醒检查完成
[定时任务] 司库: 唤醒检查完成
[定时任务] 磐石: 唤醒检查完成
[定时任务] 执矩: 唤醒检查完成
[定时任务] 灵犀: 唤醒检查完成
[定时任务] 天策: 唤醒检查完成

[定时任务] 天枢: 开始查询新增任务

[定时任务] 匠心: 开始查询新增任务

[定时任务] 司库: 开始查询新增任务

[定时任务] 执矩: 开始查询新增任务

[定时任务] 磐石: 开始查询新增任务

[定时任务] 灵犀: 开始查询新增任务

[定时任务] 天策: 开始查询新增任务
[定时任务] 天枢: 唤醒检查完成
[定时任务] 匠心: 唤醒检查完成
[定时任务] 司库: 唤醒检查完成
[定时任务] 执矩: 唤醒检查完成
[定时任务] 灵犀: 唤醒检查完成
[定时任务] 磐石: 唤醒检查完成
[定时任务] 天策: 唤醒检查完成

[定时任务] 天枢: 开始查询新增任务

[定时任务] 匠心: 开始查询新增任务

[定时任务] 司库: 开始查询新增任务

[定时任务] 执矩: 开始查询新增任务

[定时任务] 磐石: 开始查询新增任务

[定时任务] 灵犀: 开始查询新增任务

[定时任务] 天策: 开始查询新增任务
[定时任务] 天枢: 唤醒检查完成
[定时任务] 匠心: 唤醒检查完成
[定时任务] 执矩: 唤醒检查完成
[定时任务] 司库: 唤醒检查完成
[定时任务] 磐石: 唤醒检查完成
[定时任务] 灵犀: 唤醒检查完成
[定时任务] 天策: 唤醒检查完成

[定时任务] 天枢: 开始查询新增任务

[定时任务] 匠心: 开始查询新增任务

[定时任务] 司库: 开始查询新增任务

[定时任务] 执矩: 开始查询新增任务

[定时任务] 磐石: 开始查询新增任务

[定时任务] 灵犀: 开始查询新增任务

[定时任务] 天策: 开始查询新增任务
[定时任务] 天枢: 唤醒检查完成
[定时任务] 匠心: 唤醒检查完成
[定时任务] 司库: 唤醒检查完成
[定时任务] 执矩: 唤醒检查完成
[定时任务] 磐石: 唤醒检查完成
[定时任务] 灵犀: 唤醒检查完成
[定时任务] 天策: 唤醒检查完成

[定时任务] 天枢: 开始查询新增任务

[定时任务] 匠心: 开始查询新增任务

[定时任务] 司库: 开始查询新增任务

[定时任务] 执矩: 开始查询新增任务

[定时任务] 磐石: 开始查询新增任务

[定时任务] 灵犀: 开始查询新增任务

[定时任务] 天策: 开始查询新增任务
[定时任务] 天枢: 唤醒检查完成
[定时任务] 匠心: 唤醒检查完成
[定时任务] 司库: 唤醒检查完成
[定时任务] 执矩: 唤醒检查完成
[定时任务] 磐石: 唤醒检查完成
[定时任务] 灵犀: 唤醒检查完成
[定时任务] 天策: 唤醒检查完成

[定时任务] 天枢: 开始查询新增任务

[定时任务] 匠心: 开始查询新增任务

[定时任务] 司库: 开始查询新增任务

[定时任务] 执矩: 开始查询新增任务

[定时任务] 磐石: 开始查询新增任务

[定时任务] 灵犀: 开始查询新增任务

[定时任务] 天策: 开始查询新增任务
[定时任务] 天枢: 唤醒检查完成
[定时任务] 匠心: 唤醒检查完成
[定时任务] 司库: 唤醒检查完成
[定时任务] 磐石: 唤醒检查完成
[定时任务] 执矩: 唤醒检查完成
[定时任务] 灵犀: 唤醒检查完成
[定时任务] 天策: 唤醒检查完成

[定时任务] 天枢: 开始查询新增任务

[定时任务] 匠心: 开始查询新增任务

[定时任务] 司库: 开始查询新增任务

[定时任务] 执矩: 开始查询新增任务

[定时任务] 磐石: 开始查询新增任务

[定时任务] 灵犀: 开始查询新增任务

[定时任务] 天策: 开始查询新增任务
[定时任务] 天枢: 唤醒检查完成
[定时任务] 匠心: 唤醒检查完成
[定时任务] 司库: 唤醒检查完成
[定时任务] 磐石: 唤醒检查完成
[定时任务] 执矩: 唤醒检查完成
[定时任务] 灵犀: 唤醒检查完成
[定时任务] 天策: 唤醒检查完成

[定时任务] 天枢: 开始查询新增任务

[定时任务] 匠心: 开始查询新增任务

[定时任务] 司库: 开始查询新增任务

[定时任务] 执矩: 开始查询新增任务

[定时任务] 磐石: 开始查询新增任务

[定时任务] 灵犀: 开始查询新增任务

[定时任务] 天策: 开始查询新增任务
[定时任务] 天枢: 唤醒检查完成
[定时任务] 匠心: 唤醒检查完成
[定时任务] 司库: 唤醒检查完成
[定时任务] 执矩: 唤醒检查完成
[定时任务] 磐石: 唤醒检查完成
[定时任务] 灵犀: 唤醒检查完成
[定时任务] 天策: 唤醒检查完成

[定时任务] 天枢: 开始查询新增任务

[定时任务] 匠心: 开始查询新增任务

[定时任务] 司库: 开始查询新增任务

[定时任务] 执矩: 开始查询新增任务

[定时任务] 磐石: 开始查询新增任务

[定时任务] 灵犀: 开始查询新增任务

[定时任务] 天策: 开始查询新增任务
[定时任务] 天枢: 唤醒检查完成
[定时任务] 匠心: 唤醒检查完成
[定时任务] 司库: 唤醒检查完成
[定时任务] 磐石: 唤醒检查完成
[定时任务] 执矩: 唤醒检查完成
[定时任务] 灵犀: 唤醒检查完成
[定时任务] 天策: 唤醒检查完成

[定时任务] 天枢: 开始查询新增任务

[定时任务] 匠心: 开始查询新增任务

[定时任务] 司库: 开始查询新增任务

[定时任务] 执矩: 开始查询新增任务

[定时任务] 磐石: 开始查询新增任务

[定时任务] 灵犀: 开始查询新增任务

[定时任务] 天策: 开始查询新增任务
[定时任务] 天枢: 唤醒检查完成
[定时任务] 匠心: 唤醒检查完成
[定时任务] 司库: 唤醒检查完成
[定时任务] 执矩: 唤醒检查完成
[定时任务] 磐石: 唤醒检查完成
[定时任务] 灵犀: 唤醒检查完成
[定时任务] 天策: 唤醒检查完成

[定时任务] 天枢: 开始查询新增任务

[定时任务] 匠心: 开始查询新增任务

[定时任务] 司库: 开始查询新增任务

[定时任务] 执矩: 开始查询新增任务

[定时任务] 磐石: 开始查询新增任务

[定时任务] 灵犀: 开始查询新增任务

[定时任务] 天策: 开始查询新增任务
[定时任务] 天枢: 唤醒检查完成
[定时任务] 匠心: 唤醒检查完成
[定时任务] 司库: 唤醒检查完成
[定时任务] 执矩: 唤醒检查完成
[定时任务] 磐石: 唤醒检查完成
[定时任务] 灵犀: 唤醒检查完成
[定时任务] 天策: 唤醒检查完成

[定时任务] 天枢: 开始查询新增任务

[定时任务] 匠心: 开始查询新增任务

[定时任务] 司库: 开始查询新增任务

[定时任务] 执矩: 开始查询新增任务

[定时任务] 磐石: 开始查询新增任务

[定时任务] 灵犀: 开始查询新增任务

[定时任务] 天策: 开始查询新增任务
[定时任务] 天枢: 唤醒检查完成
[定时任务] 匠心: 唤醒检查完成
[定时任务] 司库: 唤醒检查完成
[定时任务] 执矩: 唤醒检查完成
[定时任务] 磐石: 唤醒检查完成
[定时任务] 灵犀: 唤醒检查完成
[定时任务] 天策: 唤醒检查完成

[定时任务] 天枢: 开始查询新增任务

[定时任务] 匠心: 开始查询新增任务

[定时任务] 司库: 开始查询新增任务

[定时任务] 执矩: 开始查询新增任务

[定时任务] 磐石: 开始查询新增任务

[定时任务] 灵犀: 开始查询新增任务

[定时任务] 天策: 开始查询新增任务
[定时任务] 天枢: 唤醒检查完成
[定时任务] 匠心: 唤醒检查完成
[定时任务] 司库: 唤醒检查完成
[定时任务] 磐石: 唤醒检查完成
[定时任务] 执矩: 唤醒检查完成
[定时任务] 天策: 唤醒检查完成
[定时任务] 灵犀: 唤醒检查完成

[定时任务] 天枢: 开始查询新增任务
[定时任务] 天枢: 唤醒检查完成

[定时任务] 匠心: 开始查询新增任务

[定时任务] 司库: 开始查询新增任务

[定时任务] 执矩: 开始查询新增任务

[定时任务] 磐石: 开始查询新增任务

[定时任务] 灵犀: 开始查询新增任务

[定时任务] 天策: 开始查询新增任务
[定时任务] 匠心: 唤醒检查完成
[定时任务] 司库: 唤醒检查完成
[定时任务] 磐石: 唤醒检查完成
[定时任务] 执矩: 唤醒检查完成
[定时任务] 天策: 唤醒检查完成
[定时任务] 灵犀: 唤醒检查完成

[定时任务] 天枢: 开始查询新增任务
[定时任务] 天枢: 唤醒检查完成

[定时任务] 匠心: 开始查询新增任务

[定时任务] 司库: 开始查询新增任务

[定时任务] 执矩: 开始查询新增任务

[定时任务] 磐石: 开始查询新增任务

[定时任务] 灵犀: 开始查询新增任务

[定时任务] 天策: 开始查询新增任务
[定时任务] 匠心: 唤醒检查完成
[定时任务] 司库: 唤醒检查完成
[定时任务] 磐石: 唤醒检查完成
[定时任务] 执矩: 唤醒检查完成
[定时任务] 天策: 唤醒检查完成
[定时任务] 灵犀: 唤醒检查完成

[定时任务] 天枢: 开始查询新增任务
[定时任务] 天枢: 唤醒检查完成

[定时任务] 匠心: 开始查询新增任务

[定时任务] 司库: 开始查询新增任务

[定时任务] 执矩: 开始查询新增任务

[定时任务] 磐石: 开始查询新增任务

[定时任务] 灵犀: 开始查询新增任务

[定时任务] 天策: 开始查询新增任务
[定时任务] 匠心: 唤醒检查完成
[定时任务] 执矩: 唤醒检查完成
[定时任务] 司库: 唤醒检查完成
[定时任务] 磐石: 唤醒检查完成
[定时任务] 灵犀: 唤醒检查完成
[定时任务] 天策: 唤醒检查完成

[定时任务] 天枢: 开始查询新增任务

[定时任务] 匠心: 开始查询新增任务

[定时任务] 司库: 开始查询新增任务

[定时任务] 执矩: 开始查询新增任务
[定时任务] 天枢: 唤醒检查完成

[定时任务] 磐石: 开始查询新增任务

[定时任务] 灵犀: 开始查询新增任务

[定时任务] 天策: 开始查询新增任务
[定时任务] 磐石: 唤醒检查完成
[定时任务] 匠心: 唤醒检查完成
[定时任务] 执矩: 唤醒检查完成
[定时任务] 司库: 唤醒检查完成
[定时任务] 天策: 唤醒检查完成
[定时任务] 灵犀: 唤醒检查完成
