╔═══════════════════════════════════════════════════════════╗
║                                                           ║
║   BCE v3.4 定时任务调度器已启动                           ║
║                                                           ║
║   进度检查：每5分钟                                  ║
║   进度汇报：每90分钟                                   ║
║                                                           ║
╚═══════════════════════════════════════════════════════════╝
[定时任务] 启动时立即执行一次检查...
[定时任务] API 返回失败: 进度百分比必须是 0-100 的数字
[定时任务] 执行进度检查 (3/23/2026, 3:00:37 PM)
[定时任务] API 返回失败: 进度百分比必须是 0-100 的数字
[定时任务] 执行进度检查 (3/23/2026, 3:05:37 PM)
[定时任务] API 返回失败: 进度百分比必须是 0-100 的数字
[定时任务] 执行进度检查 (3/23/2026, 3:10:37 PM)
[定时任务] API 返回失败: 进度百分比必须是 0-100 的数字
[定时任务] 执行进度检查 (3/23/2026, 3:15:37 PM)
[定时任务] API 返回失败: 进度百分比必须是 0-100 的数字
[定时任务] 执行进度检查 (3/23/2026, 3:20:37 PM)
[定时任务] API 返回失败: 进度百分比必须是 0-100 的数字
[定时任务] 执行进度检查 (3/23/2026, 3:25:37 PM)
[定时任务] API 返回失败: 进度百分比必须是 0-100 的数字
[定时任务] 执行进度检查 (3/23/2026, 3:30:37 PM)
[定时任务] API 返回失败: 进度百分比必须是 0-100 的数字
[定时任务] 执行进度检查 (3/23/2026, 3:35:37 PM)
[定时任务] API 返回失败: 进度百分比必须是 0-100 的数字
[定时任务] 执行进度检查 (3/23/2026, 3:40:37 PM)
[定时任务] API 返回失败: 进度百分比必须是 0-100 的数字
[定时任务] 执行进度检查 (3/23/2026, 3:45:37 PM)
[定时任务] API 返回失败: 进度百分比必须是 0-100 的数字
[定时任务] 执行进度检查 (3/23/2026, 3:50:37 PM)
[定时任务] API 返回失败: 进度百分比必须是 0-100 的数字
[定时任务] 执行进度检查 (3/23/2026, 3:55:37 PM)
[定时任务] API 返回失败: 进度百分比必须是 0-100 的数字
[定时任务] 执行进度检查 (3/23/2026, 4:00:37 PM)
[定时任务] API 返回失败: 进度百分比必须是 0-100 的数字
[定时任务] 执行进度检查 (3/23/2026, 4:05:37 PM)
[定时任务] API 返回失败: 进度百分比必须是 0-100 的数字
[定时任务] 执行进度检查 (3/23/2026, 4:10:37 PM)
[定时任务] API 返回失败: 进度百分比必须是 0-100 的数字
[定时任务] 执行进度检查 (3/23/2026, 4:15:37 PM)
[定时任务] API 返回失败: 进度百分比必须是 0-100 的数字
